#
# There is insufficient memory for the Java Runtime Environment to continue.
# Native memory allocation (malloc) failed to allocate 1410384 bytes for Chunk::new
# Possible reasons:
#   The system is out of physical RAM or swap space
#   The process is running with CompressedOops enabled, and the Java Heap may be blocking the growth of the native heap
# Possible solutions:
#   Reduce memory load on the system
#   Increase physical memory or swap space
#   Check if swap backing store is full
#   Decrease Java heap size (-Xmx/-Xms)
#   Decrease number of Java threads
#   Decrease Java thread stack sizes (-Xss)
#   Set larger code cache with -XX:ReservedCodeCacheSize=
#   JVM is running with Unscaled Compressed Oops mode in which the Java heap is
#     placed in the first 4GB address space. The Java Heap base address is the
#     maximum limit for the native heap growth. Please use -XX:HeapBaseMinAddress
#     to set the Java Heap base and to place the Java Heap above 4GB virtual address.
# This output file may be truncated or incomplete.
#
#  Out of Memory Error (./open/src/hotspot/share/memory/arena.cpp:195), pid=33380, tid=11100
#
# JRE version: Java(TM) SE Runtime Environment (15.0.1+9) (build 15.0.1+9-18)
# Java VM: Java HotSpot(TM) 64-Bit Server VM (15.0.1+9-18, mixed mode, sharing, tiered, compressed oops, g1 gc, windows-amd64)
# No core dump will be written. Minidumps are not enabled by default on client versions of Windows
#

---------------  S U M M A R Y ------------

Command Line: --module-path=C:\Users\lasch\.m2\repository\org\openjfx\javafx-base\15.0.1\javafx-base-15.0.1-win.jar;C:\Users\lasch\.m2\repository\org\openjfx\javafx-base\15.0.1\javafx-base-15.0.1.jar;C:\Users\lasch\.m2\repository\org\openjfx\javafx-controls\15.0.1\javafx-controls-15.0.1-win.jar;C:\Users\lasch\.m2\repository\org\openjfx\javafx-controls\15.0.1\javafx-controls-15.0.1.jar;C:\Users\lasch\.m2\repository\org\openjfx\javafx-graphics\15.0.1\javafx-graphics-15.0.1-win.jar;C:\Users\lasch\.m2\repository\org\openjfx\javafx-graphics\15.0.1\javafx-graphics-15.0.1.jar --add-modules=javafx.base,javafx.controls,javafx.graphics fr.insa.cours.projetv2.gui.main

Host: AMD Ryzen 7 3700U with Radeon Vega Mobile Gfx  , 8 cores, 6G,  Windows 10 , 64 bit Build 18362 (10.0.18362.1350)
Time: Thu May 13 15:42:35 2021 Paris, Madrid (heure d?été) elapsed time: 2.680058 seconds (0d 0h 0m 2s)

---------------  T H R E A D  ---------------

Current thread (0x0000024128f48870):  JavaThread "C2 CompilerThread0" daemon [_thread_in_native, id=11100, stack(0x000000cea4800000,0x000000cea4900000)]


Current CompileTask:
C2:   2680 1877 %     4       com.sun.marlin.DRenderer::_endRendering @ 763 (2473 bytes)

Stack: [0x000000cea4800000,0x000000cea4900000]
Native frames: (J=compiled Java code, j=interpreted, Vv=VM code, C=native code)
V  [jvm.dll+0x62ae9a]
V  [jvm.dll+0x781389]
V  [jvm.dll+0x782ae3]
V  [jvm.dll+0x783143]
V  [jvm.dll+0x216265]
V  [jvm.dll+0x97efa]
V  [jvm.dll+0x985dc]
V  [jvm.dll+0x32e525]
V  [jvm.dll+0x18e2e1]
V  [jvm.dll+0x1ea762]
V  [jvm.dll+0x1e98ae]
V  [jvm.dll+0x1784c7]
V  [jvm.dll+0x1f9165]
V  [jvm.dll+0x1f720c]
V  [jvm.dll+0x74485d]
V  [jvm.dll+0x73d65a]
V  [jvm.dll+0x629c56]
C  [ucrtbase.dll+0x210b2]
C  [KERNEL32.DLL+0x17c24]
C  [ntdll.dll+0x6d721]


---------------  P R O C E S S  ---------------

Threads class SMR info:
_java_thread_list=0x000002413160d9b0, length=19, elements={
0x000002410ada6b50, 0x0000024128f23ef0, 0x0000024128f259e0, 0x0000024128f438e0,
0x0000024128f461b0, 0x0000024128f47b80, 0x0000024128f48870, 0x0000024128f4c820,
0x0000024128f57140, 0x0000024128f06f30, 0x0000024129bd63f0, 0x0000024129ebdbe0,
0x0000024129f99f20, 0x0000024129fa6330, 0x000002412a1439f0, 0x000002412a143ec0,
0x000002412a262170, 0x00000241313627a0, 0x000002412a15a5e0
}

Java Threads: ( => current thread )
  0x000002410ada6b50 JavaThread "main" [_thread_blocked, id=34572, stack(0x000000cea3c00000,0x000000cea3d00000)]
  0x0000024128f23ef0 JavaThread "Reference Handler" daemon [_thread_blocked, id=30484, stack(0x000000cea4300000,0x000000cea4400000)]
  0x0000024128f259e0 JavaThread "Finalizer" daemon [_thread_blocked, id=41004, stack(0x000000cea4400000,0x000000cea4500000)]
  0x0000024128f438e0 JavaThread "Signal Dispatcher" daemon [_thread_blocked, id=28464, stack(0x000000cea4500000,0x000000cea4600000)]
  0x0000024128f461b0 JavaThread "Attach Listener" daemon [_thread_blocked, id=30688, stack(0x000000cea4600000,0x000000cea4700000)]
  0x0000024128f47b80 JavaThread "Service Thread" daemon [_thread_blocked, id=43688, stack(0x000000cea4700000,0x000000cea4800000)]
=>0x0000024128f48870 JavaThread "C2 CompilerThread0" daemon [_thread_in_native, id=11100, stack(0x000000cea4800000,0x000000cea4900000)]
  0x0000024128f4c820 JavaThread "C1 CompilerThread0" daemon [_thread_blocked, id=11004, stack(0x000000cea4900000,0x000000cea4a00000)]
  0x0000024128f57140 JavaThread "Sweeper thread" daemon [_thread_blocked, id=32388, stack(0x000000cea4a00000,0x000000cea4b00000)]
  0x0000024128f06f30 JavaThread "Common-Cleaner" daemon [_thread_blocked, id=31220, stack(0x000000cea4b00000,0x000000cea4c00000)]
  0x0000024129bd63f0 JavaThread "Notification Thread" daemon [_thread_blocked, id=21316, stack(0x000000cea4d00000,0x000000cea4e00000)]
  0x0000024129ebdbe0 JavaThread "QuantumRenderer-0" daemon [_thread_blocked, id=44220, stack(0x000000cea4f00000,0x000000cea5000000)]
  0x0000024129f99f20 JavaThread "InvokeLaterDispatcher" daemon [_thread_blocked, id=18276, stack(0x000000cea5200000,0x000000cea5300000)]
  0x0000024129fa6330 JavaThread "JavaFX Application Thread" [_thread_in_native, id=41104, stack(0x000000cea5300000,0x000000cea5400000)]
  0x000002412a1439f0 JavaThread "Thread-2" daemon [_thread_in_native, id=39404, stack(0x000000cea4c00000,0x000000cea4d00000)]
  0x000002412a143ec0 JavaThread "JavaFX-Launcher" [_thread_blocked, id=38968, stack(0x000000cea5a00000,0x000000cea5b00000)]
  0x000002412a262170 JavaThread "C2 CompilerThread1" daemon [_thread_blocked, id=35316, stack(0x000000cea6000000,0x000000cea6100000)]
  0x00000241313627a0 JavaThread "Prism Font Disposer" daemon [_thread_blocked, id=17852, stack(0x000000cea6200000,0x000000cea6300000)]
  0x000002412a15a5e0 JavaThread "Cleaner-0" daemon [_thread_blocked, id=43216, stack(0x000000cea6300000,0x000000cea6400000)]

Other Threads:
  0x0000024128f22670 VMThread "VM Thread" [stack: 0x000000cea4200000,0x000000cea4300000] [id=44064]
  0x0000024108c6b4c0 WatcherThread [stack: 0x000000cea4e00000,0x000000cea4f00000] [id=33028]
  0x000002410ade9870 GCTaskThread "GC Thread#0" [stack: 0x000000cea3d00000,0x000000cea3e00000] [id=41976]
  0x0000024129bbe0d0 GCTaskThread "GC Thread#1" [stack: 0x000000cea5b00000,0x000000cea5c00000] [id=41960]
  0x0000024129bbe400 GCTaskThread "GC Thread#2" [stack: 0x000000cea5c00000,0x000000cea5d00000] [id=40148]
  0x0000024129bbda70 GCTaskThread "GC Thread#3" [stack: 0x000000cea5d00000,0x000000cea5e00000] [id=38452]
  0x000002412a19a8c0 GCTaskThread "GC Thread#4" [stack: 0x000000cea5e00000,0x000000cea5f00000] [id=35700]
  0x000002412a19a260 GCTaskThread "GC Thread#5" [stack: 0x000000cea5f00000,0x000000cea6000000] [id=38952]
  0x000002410adf8890 ConcurrentGCThread "G1 Main Marker" [stack: 0x000000cea3e00000,0x000000cea3f00000] [id=36240]
  0x000002410adf9c20 ConcurrentGCThread "G1 Conc#0" [stack: 0x000000cea3f00000,0x000000cea4000000] [id=7700]
  0x0000024128da0090 ConcurrentGCThread "G1 Refine#0" [stack: 0x000000cea4000000,0x000000cea4100000] [id=856]
  0x0000024128da0c90 ConcurrentGCThread "G1 Young RemSet Sampling" [stack: 0x000000cea4100000,0x000000cea4200000] [id=32324]

Threads with active compile tasks:
C2 CompilerThread0     2727 1877 %     4       com.sun.marlin.DRenderer::_endRendering @ 763 (2473 bytes)

VM state: not at safepoint (normal execution)

VM Mutex/Monitor currently owned by a thread: None

Heap address: 0x0000000091000000, size: 1776 MB, Compressed Oops mode: 32-bit
CDS archive(s) mapped at: [0x0000000800000000-0x0000000800b50000-0x0000000800b50000), size 11862016, SharedBaseAddress: 0x0000000800000000, ArchiveRelocationMode: 0.
Compressed class space mapped at: 0x0000000800b50000-0x0000000840b50000, size: 1073741824
Narrow klass base: 0x0000000800000000, Narrow klass shift: 3, Narrow klass range: 0x100000000

GC Precious Log:
 CPUs: 8 total, 8 available
 Memory: 7103M
 Large Page Support: Disabled
 NUMA Support: Disabled
 Compressed Oops: Enabled (32-bit)
 Heap Region Size: 1M
 Heap Min Capacity: 8M
 Heap Initial Capacity: 112M
 Heap Max Capacity: 1776M
 Pre-touch: Disabled
 Parallel Workers: 8
 Concurrent Workers: 2
 Concurrent Refinement Workers: 8
 Periodic GC: Disabled

Heap:
 garbage-first heap   total 114688K, used 12212K [0x0000000091000000, 0x0000000100000000)
  region size 1024K, 9 young (9216K), 4 survivors (4096K)
 Metaspace       used 14445K, capacity 16055K, committed 16256K, reserved 1062912K
  class space    used 2179K, capacity 2361K, committed 2432K, reserved 1048576K

Heap Regions: E=young(eden), S=young(survivor), O=old, HS=humongous(starts), HC=humongous(continues), CS=collection set, F=free, OA=open archive, CA=closed archive, TAMS=top-at-mark-start (previous, next)
|   0|0x0000000091000000, 0x0000000091100000, 0x0000000091100000|100%| O|  |TAMS 0x0000000091000000, 0x0000000091000000| Untracked 
|   1|0x0000000091100000, 0x0000000091200000, 0x0000000091200000|100%| O|  |TAMS 0x0000000091100000, 0x0000000091100000| Untracked 
|   2|0x0000000091200000, 0x00000000912a2c00, 0x0000000091300000| 63%| O|  |TAMS 0x0000000091200000, 0x0000000091200000| Untracked 
|   3|0x0000000091300000, 0x0000000091400000, 0x0000000091400000|100%|HS|  |TAMS 0x0000000091300000, 0x0000000091300000| Complete 
|   4|0x0000000091400000, 0x0000000091500000, 0x0000000091500000|100%|HC|  |TAMS 0x0000000091400000, 0x0000000091400000| Complete 
|   5|0x0000000091500000, 0x0000000091500000, 0x0000000091600000|  0%| F|  |TAMS 0x0000000091500000, 0x0000000091500000| Untracked 
|   6|0x0000000091600000, 0x0000000091600000, 0x0000000091700000|  0%| F|  |TAMS 0x0000000091600000, 0x0000000091600000| Untracked 
|   7|0x0000000091700000, 0x0000000091700000, 0x0000000091800000|  0%| F|  |TAMS 0x0000000091700000, 0x0000000091700000| Untracked 
|   8|0x0000000091800000, 0x0000000091800000, 0x0000000091900000|  0%| F|  |TAMS 0x0000000091800000, 0x0000000091800000| Untracked 
|   9|0x0000000091900000, 0x0000000091900000, 0x0000000091a00000|  0%| F|  |TAMS 0x0000000091900000, 0x0000000091900000| Untracked 
|  10|0x0000000091a00000, 0x0000000091a00000, 0x0000000091b00000|  0%| F|  |TAMS 0x0000000091a00000, 0x0000000091a00000| Untracked 
|  11|0x0000000091b00000, 0x0000000091b00000, 0x0000000091c00000|  0%| F|  |TAMS 0x0000000091b00000, 0x0000000091b00000| Untracked 
|  12|0x0000000091c00000, 0x0000000091c00000, 0x0000000091d00000|  0%| F|  |TAMS 0x0000000091c00000, 0x0000000091c00000| Untracked 
|  13|0x0000000091d00000, 0x0000000091d00000, 0x0000000091e00000|  0%| F|  |TAMS 0x0000000091d00000, 0x0000000091d00000| Untracked 
|  14|0x0000000091e00000, 0x0000000091e00000, 0x0000000091f00000|  0%| F|  |TAMS 0x0000000091e00000, 0x0000000091e00000| Untracked 
|  15|0x0000000091f00000, 0x0000000091f00000, 0x0000000092000000|  0%| F|  |TAMS 0x0000000091f00000, 0x0000000091f00000| Untracked 
|  16|0x0000000092000000, 0x0000000092000000, 0x0000000092100000|  0%| F|  |TAMS 0x0000000092000000, 0x0000000092000000| Untracked 
|  17|0x0000000092100000, 0x0000000092100000, 0x0000000092200000|  0%| F|  |TAMS 0x0000000092100000, 0x0000000092100000| Untracked 
|  18|0x0000000092200000, 0x0000000092200000, 0x0000000092300000|  0%| F|  |TAMS 0x0000000092200000, 0x0000000092200000| Untracked 
|  19|0x0000000092300000, 0x0000000092300000, 0x0000000092400000|  0%| F|  |TAMS 0x0000000092300000, 0x0000000092300000| Untracked 
|  20|0x0000000092400000, 0x0000000092400000, 0x0000000092500000|  0%| F|  |TAMS 0x0000000092400000, 0x0000000092400000| Untracked 
|  21|0x0000000092500000, 0x0000000092500000, 0x0000000092600000|  0%| F|  |TAMS 0x0000000092500000, 0x0000000092500000| Untracked 
|  22|0x0000000092600000, 0x0000000092600000, 0x0000000092700000|  0%| F|  |TAMS 0x0000000092600000, 0x0000000092600000| Untracked 
|  23|0x0000000092700000, 0x0000000092700000, 0x0000000092800000|  0%| F|  |TAMS 0x0000000092700000, 0x0000000092700000| Untracked 
|  24|0x0000000092800000, 0x0000000092800000, 0x0000000092900000|  0%| F|  |TAMS 0x0000000092800000, 0x0000000092800000| Untracked 
|  25|0x0000000092900000, 0x0000000092900000, 0x0000000092a00000|  0%| F|  |TAMS 0x0000000092900000, 0x0000000092900000| Untracked 
|  26|0x0000000092a00000, 0x0000000092a00000, 0x0000000092b00000|  0%| F|  |TAMS 0x0000000092a00000, 0x0000000092a00000| Untracked 
|  27|0x0000000092b00000, 0x0000000092b00000, 0x0000000092c00000|  0%| F|  |TAMS 0x0000000092b00000, 0x0000000092b00000| Untracked 
|  28|0x0000000092c00000, 0x0000000092c00000, 0x0000000092d00000|  0%| F|  |TAMS 0x0000000092c00000, 0x0000000092c00000| Untracked 
|  29|0x0000000092d00000, 0x0000000092d00000, 0x0000000092e00000|  0%| F|  |TAMS 0x0000000092d00000, 0x0000000092d00000| Untracked 
|  30|0x0000000092e00000, 0x0000000092e00000, 0x0000000092f00000|  0%| F|  |TAMS 0x0000000092e00000, 0x0000000092e00000| Untracked 
|  31|0x0000000092f00000, 0x0000000092f00000, 0x0000000093000000|  0%| F|  |TAMS 0x0000000092f00000, 0x0000000092f00000| Untracked 
|  32|0x0000000093000000, 0x0000000093000000, 0x0000000093100000|  0%| F|  |TAMS 0x0000000093000000, 0x0000000093000000| Untracked 
|  33|0x0000000093100000, 0x0000000093100000, 0x0000000093200000|  0%| F|  |TAMS 0x0000000093100000, 0x0000000093100000| Untracked 
|  34|0x0000000093200000, 0x0000000093200000, 0x0000000093300000|  0%| F|  |TAMS 0x0000000093200000, 0x0000000093200000| Untracked 
|  35|0x0000000093300000, 0x0000000093300000, 0x0000000093400000|  0%| F|  |TAMS 0x0000000093300000, 0x0000000093300000| Untracked 
|  36|0x0000000093400000, 0x0000000093400000, 0x0000000093500000|  0%| F|  |TAMS 0x0000000093400000, 0x0000000093400000| Untracked 
|  37|0x0000000093500000, 0x0000000093500000, 0x0000000093600000|  0%| F|  |TAMS 0x0000000093500000, 0x0000000093500000| Untracked 
|  38|0x0000000093600000, 0x0000000093600000, 0x0000000093700000|  0%| F|  |TAMS 0x0000000093600000, 0x0000000093600000| Untracked 
|  39|0x0000000093700000, 0x0000000093700000, 0x0000000093800000|  0%| F|  |TAMS 0x0000000093700000, 0x0000000093700000| Untracked 
|  40|0x0000000093800000, 0x0000000093800000, 0x0000000093900000|  0%| F|  |TAMS 0x0000000093800000, 0x0000000093800000| Untracked 
|  41|0x0000000093900000, 0x0000000093900000, 0x0000000093a00000|  0%| F|  |TAMS 0x0000000093900000, 0x0000000093900000| Untracked 
|  42|0x0000000093a00000, 0x0000000093a00000, 0x0000000093b00000|  0%| F|  |TAMS 0x0000000093a00000, 0x0000000093a00000| Untracked 
|  43|0x0000000093b00000, 0x0000000093b00000, 0x0000000093c00000|  0%| F|  |TAMS 0x0000000093b00000, 0x0000000093b00000| Untracked 
|  44|0x0000000093c00000, 0x0000000093c00000, 0x0000000093d00000|  0%| F|  |TAMS 0x0000000093c00000, 0x0000000093c00000| Untracked 
|  45|0x0000000093d00000, 0x0000000093d00000, 0x0000000093e00000|  0%| F|  |TAMS 0x0000000093d00000, 0x0000000093d00000| Untracked 
|  46|0x0000000093e00000, 0x0000000093e00000, 0x0000000093f00000|  0%| F|  |TAMS 0x0000000093e00000, 0x0000000093e00000| Untracked 
|  47|0x0000000093f00000, 0x0000000093f00000, 0x0000000094000000|  0%| F|  |TAMS 0x0000000093f00000, 0x0000000093f00000| Untracked 
|  48|0x0000000094000000, 0x0000000094000000, 0x0000000094100000|  0%| F|  |TAMS 0x0000000094000000, 0x0000000094000000| Untracked 
|  49|0x0000000094100000, 0x0000000094100000, 0x0000000094200000|  0%| F|  |TAMS 0x0000000094100000, 0x0000000094100000| Untracked 
|  50|0x0000000094200000, 0x0000000094200000, 0x0000000094300000|  0%| F|  |TAMS 0x0000000094200000, 0x0000000094200000| Untracked 
|  51|0x0000000094300000, 0x0000000094300000, 0x0000000094400000|  0%| F|  |TAMS 0x0000000094300000, 0x0000000094300000| Untracked 
|  52|0x0000000094400000, 0x0000000094400000, 0x0000000094500000|  0%| F|  |TAMS 0x0000000094400000, 0x0000000094400000| Untracked 
|  53|0x0000000094500000, 0x0000000094500000, 0x0000000094600000|  0%| F|  |TAMS 0x0000000094500000, 0x0000000094500000| Untracked 
|  54|0x0000000094600000, 0x0000000094600000, 0x0000000094700000|  0%| F|  |TAMS 0x0000000094600000, 0x0000000094600000| Untracked 
|  55|0x0000000094700000, 0x0000000094700000, 0x0000000094800000|  0%| F|  |TAMS 0x0000000094700000, 0x0000000094700000| Untracked 
|  56|0x0000000094800000, 0x0000000094800000, 0x0000000094900000|  0%| F|  |TAMS 0x0000000094800000, 0x0000000094800000| Untracked 
|  57|0x0000000094900000, 0x0000000094900000, 0x0000000094a00000|  0%| F|  |TAMS 0x0000000094900000, 0x0000000094900000| Untracked 
|  58|0x0000000094a00000, 0x0000000094a00000, 0x0000000094b00000|  0%| F|  |TAMS 0x0000000094a00000, 0x0000000094a00000| Untracked 
|  59|0x0000000094b00000, 0x0000000094b00000, 0x0000000094c00000|  0%| F|  |TAMS 0x0000000094b00000, 0x0000000094b00000| Untracked 
|  60|0x0000000094c00000, 0x0000000094c00000, 0x0000000094d00000|  0%| F|  |TAMS 0x0000000094c00000, 0x0000000094c00000| Untracked 
|  61|0x0000000094d00000, 0x0000000094d00000, 0x0000000094e00000|  0%| F|  |TAMS 0x0000000094d00000, 0x0000000094d00000| Untracked 
|  62|0x0000000094e00000, 0x0000000094e00000, 0x0000000094f00000|  0%| F|  |TAMS 0x0000000094e00000, 0x0000000094e00000| Untracked 
|  63|0x0000000094f00000, 0x0000000094f00000, 0x0000000095000000|  0%| F|  |TAMS 0x0000000094f00000, 0x0000000094f00000| Untracked 
|  64|0x0000000095000000, 0x0000000095000000, 0x0000000095100000|  0%| F|  |TAMS 0x0000000095000000, 0x0000000095000000| Untracked 
|  65|0x0000000095100000, 0x0000000095100000, 0x0000000095200000|  0%| F|  |TAMS 0x0000000095100000, 0x0000000095100000| Untracked 
|  66|0x0000000095200000, 0x0000000095200000, 0x0000000095300000|  0%| F|  |TAMS 0x0000000095200000, 0x0000000095200000| Untracked 
|  67|0x0000000095300000, 0x0000000095300000, 0x0000000095400000|  0%| F|  |TAMS 0x0000000095300000, 0x0000000095300000| Untracked 
|  68|0x0000000095400000, 0x0000000095400000, 0x0000000095500000|  0%| F|  |TAMS 0x0000000095400000, 0x0000000095400000| Untracked 
|  69|0x0000000095500000, 0x0000000095500000, 0x0000000095600000|  0%| F|  |TAMS 0x0000000095500000, 0x0000000095500000| Untracked 
|  70|0x0000000095600000, 0x0000000095600000, 0x0000000095700000|  0%| F|  |TAMS 0x0000000095600000, 0x0000000095600000| Untracked 
|  71|0x0000000095700000, 0x0000000095700000, 0x0000000095800000|  0%| F|  |TAMS 0x0000000095700000, 0x0000000095700000| Untracked 
|  72|0x0000000095800000, 0x0000000095800000, 0x0000000095900000|  0%| F|  |TAMS 0x0000000095800000, 0x0000000095800000| Untracked 
|  73|0x0000000095900000, 0x0000000095900000, 0x0000000095a00000|  0%| F|  |TAMS 0x0000000095900000, 0x0000000095900000| Untracked 
|  74|0x0000000095a00000, 0x0000000095a4a730, 0x0000000095b00000| 29%| S|CS|TAMS 0x0000000095a00000, 0x0000000095a00000| Complete 
|  75|0x0000000095b00000, 0x0000000095c00000, 0x0000000095c00000|100%| S|CS|TAMS 0x0000000095b00000, 0x0000000095b00000| Complete 
|  76|0x0000000095c00000, 0x0000000095d00000, 0x0000000095d00000|100%| S|CS|TAMS 0x0000000095c00000, 0x0000000095c00000| Complete 
|  77|0x0000000095d00000, 0x0000000095e00000, 0x0000000095e00000|100%| S|CS|TAMS 0x0000000095d00000, 0x0000000095d00000| Complete 
|  78|0x0000000095e00000, 0x0000000095e00000, 0x0000000095f00000|  0%| F|  |TAMS 0x0000000095e00000, 0x0000000095e00000| Untracked 
|  79|0x0000000095f00000, 0x0000000095f00000, 0x0000000096000000|  0%| F|  |TAMS 0x0000000095f00000, 0x0000000095f00000| Untracked 
|  80|0x0000000096000000, 0x0000000096000000, 0x0000000096100000|  0%| F|  |TAMS 0x0000000096000000, 0x0000000096000000| Untracked 
|  81|0x0000000096100000, 0x0000000096100000, 0x0000000096200000|  0%| F|  |TAMS 0x0000000096100000, 0x0000000096100000| Untracked 
|  82|0x0000000096200000, 0x0000000096200000, 0x0000000096300000|  0%| F|  |TAMS 0x0000000096200000, 0x0000000096200000| Untracked 
|  83|0x0000000096300000, 0x0000000096300000, 0x0000000096400000|  0%| F|  |TAMS 0x0000000096300000, 0x0000000096300000| Untracked 
|  84|0x0000000096400000, 0x0000000096400000, 0x0000000096500000|  0%| F|  |TAMS 0x0000000096400000, 0x0000000096400000| Untracked 
|  85|0x0000000096500000, 0x0000000096500000, 0x0000000096600000|  0%| F|  |TAMS 0x0000000096500000, 0x0000000096500000| Untracked 
|  86|0x0000000096600000, 0x0000000096600000, 0x0000000096700000|  0%| F|  |TAMS 0x0000000096600000, 0x0000000096600000| Untracked 
|  87|0x0000000096700000, 0x0000000096700000, 0x0000000096800000|  0%| F|  |TAMS 0x0000000096700000, 0x0000000096700000| Untracked 
|  88|0x0000000096800000, 0x0000000096800000, 0x0000000096900000|  0%| F|  |TAMS 0x0000000096800000, 0x0000000096800000| Untracked 
|  89|0x0000000096900000, 0x0000000096900000, 0x0000000096a00000|  0%| F|  |TAMS 0x0000000096900000, 0x0000000096900000| Untracked 
|  90|0x0000000096a00000, 0x0000000096a00000, 0x0000000096b00000|  0%| F|  |TAMS 0x0000000096a00000, 0x0000000096a00000| Untracked 
|  91|0x0000000096b00000, 0x0000000096b00000, 0x0000000096c00000|  0%| F|  |TAMS 0x0000000096b00000, 0x0000000096b00000| Untracked 
|  92|0x0000000096c00000, 0x0000000096c00000, 0x0000000096d00000|  0%| F|  |TAMS 0x0000000096c00000, 0x0000000096c00000| Untracked 
|  93|0x0000000096d00000, 0x0000000096d00000, 0x0000000096e00000|  0%| F|  |TAMS 0x0000000096d00000, 0x0000000096d00000| Untracked 
|  94|0x0000000096e00000, 0x0000000096e00000, 0x0000000096f00000|  0%| F|  |TAMS 0x0000000096e00000, 0x0000000096e00000| Untracked 
|  95|0x0000000096f00000, 0x0000000096f00000, 0x0000000097000000|  0%| F|  |TAMS 0x0000000096f00000, 0x0000000096f00000| Untracked 
|  96|0x0000000097000000, 0x0000000097000000, 0x0000000097100000|  0%| F|  |TAMS 0x0000000097000000, 0x0000000097000000| Untracked 
|  97|0x0000000097100000, 0x0000000097100000, 0x0000000097200000|  0%| F|  |TAMS 0x0000000097100000, 0x0000000097100000| Untracked 
|  98|0x0000000097200000, 0x0000000097200000, 0x0000000097300000|  0%| F|  |TAMS 0x0000000097200000, 0x0000000097200000| Untracked 
|  99|0x0000000097300000, 0x0000000097300000, 0x0000000097400000|  0%| F|  |TAMS 0x0000000097300000, 0x0000000097300000| Untracked 
| 100|0x0000000097400000, 0x0000000097400000, 0x0000000097500000|  0%| F|  |TAMS 0x0000000097400000, 0x0000000097400000| Untracked 
| 101|0x0000000097500000, 0x0000000097500000, 0x0000000097600000|  0%| F|  |TAMS 0x0000000097500000, 0x0000000097500000| Untracked 
| 102|0x0000000097600000, 0x0000000097600000, 0x0000000097700000|  0%| F|  |TAMS 0x0000000097600000, 0x0000000097600000| Untracked 
| 103|0x0000000097700000, 0x0000000097700000, 0x0000000097800000|  0%| F|  |TAMS 0x0000000097700000, 0x0000000097700000| Untracked 
| 104|0x0000000097800000, 0x0000000097800000, 0x0000000097900000|  0%| F|  |TAMS 0x0000000097800000, 0x0000000097800000| Untracked 
| 105|0x0000000097900000, 0x0000000097900000, 0x0000000097a00000|  0%| F|  |TAMS 0x0000000097900000, 0x0000000097900000| Untracked 
| 106|0x0000000097a00000, 0x0000000097a00000, 0x0000000097b00000|  0%| F|  |TAMS 0x0000000097a00000, 0x0000000097a00000| Untracked 
| 107|0x0000000097b00000, 0x0000000097b69568, 0x0000000097c00000| 41%| E|  |TAMS 0x0000000097b00000, 0x0000000097b00000| Complete 
| 108|0x0000000097c00000, 0x0000000097d00000, 0x0000000097d00000|100%| E|CS|TAMS 0x0000000097c00000, 0x0000000097c00000| Complete 
| 109|0x0000000097d00000, 0x0000000097e00000, 0x0000000097e00000|100%| E|CS|TAMS 0x0000000097d00000, 0x0000000097d00000| Complete 
| 110|0x0000000097e00000, 0x0000000097f00000, 0x0000000097f00000|100%| E|CS|TAMS 0x0000000097e00000, 0x0000000097e00000| Complete 
| 111|0x0000000097f00000, 0x0000000098000000, 0x0000000098000000|100%| E|CS|TAMS 0x0000000097f00000, 0x0000000097f00000| Complete 

Card table byte_map: [0x0000024122680000,0x0000024122a00000] _byte_map_base: 0x00000241221f8000

Marking Bits (Prev, Next): (CMBitMap*) 0x000002410adea060, (CMBitMap*) 0x000002410adea0a0
 Prev Bits: [0x0000024122d80000, 0x0000024124940000)
 Next Bits: [0x0000024124940000, 0x0000024126500000)

Polling page: 0x000002410a570000

Metaspace:

Usage:
  Non-class:     13.37 MB capacity,    11.98 MB ( 90%) used,     1.38 MB ( 10%) free+waste,    20.38 KB ( <1%) overhead. 
      Class:      2.31 MB capacity,     2.13 MB ( 92%) used,   172.12 KB (  7%) free+waste,     9.06 KB ( <1%) overhead. 
       Both:     15.68 MB capacity,    14.11 MB ( 90%) used,     1.54 MB ( 10%) free+waste,    29.44 KB ( <1%) overhead. 

Virtual space:
  Non-class space:       14.00 MB reserved,      13.50 MB ( 96%) committed 
      Class space:        1.00 GB reserved,       2.38 MB ( <1%) committed 
             Both:        1.01 GB reserved,      15.88 MB (  2%) committed 

Chunk freelists:
   Non-Class:  2.00 KB
       Class:  7.00 KB
        Both:  9.00 KB

MaxMetaspaceSize: 17179869184.00 GB
CompressedClassSpaceSize: 1.00 GB

CodeHeap 'non-profiled nmethods': size=120000Kb used=857Kb max_used=857Kb free=119142Kb
 bounds [0x000002411aaa0000, 0x000002411ad10000, 0x0000024121fd0000]
CodeHeap 'profiled nmethods': size=120000Kb used=3479Kb max_used=3479Kb free=116520Kb
 bounds [0x0000024113570000, 0x00000241138e0000, 0x000002411aaa0000]
CodeHeap 'non-nmethods': size=5760Kb used=1430Kb max_used=1468Kb free=4329Kb
 bounds [0x0000024112fd0000, 0x0000024113240000, 0x0000024113570000]
 total_blobs=2775 nmethods=2019 adapters=668
 compilation: enabled
              stopped_count=0, restarted_count=0
 full_count=0

Compilation events (20 events):
Event: 2.622 Thread 0x0000024128f4c820 1978       3       com.sun.marlin.IntArrayCache$Reference::putArray (55 bytes)
Event: 2.623 Thread 0x0000024128f4c820 nmethod 1978 0x00000241138c9890 code [0x00000241138c9aa0, 0x00000241138c9fe8]
Event: 2.623 Thread 0x0000024128f4c820 1979       1       com.sun.javafx.sg.prism.NGNode::getClipNode (5 bytes)
Event: 2.623 Thread 0x0000024128f4c820 nmethod 1979 0x000002411ab70e90 code [0x000002411ab71020, 0x000002411ab710d8]
Event: 2.623 Thread 0x0000024128f4c820 1980       3       com.sun.javafx.geom.transform.AffineBase::transform (301 bytes)
Event: 2.624 Thread 0x0000024128f4c820 nmethod 1980 0x00000241138ca290 code [0x00000241138ca4c0, 0x00000241138caf88]
Event: 2.624 Thread 0x0000024128f4c820 1981       3       com.sun.javafx.text.TextRun::getPosX (132 bytes)
Event: 2.625 Thread 0x0000024128f4c820 nmethod 1981 0x00000241138cb390 code [0x00000241138cb560, 0x00000241138cb9e8]
Event: 2.625 Thread 0x0000024128f4c820 1982       3       com.sun.javafx.text.TextRun::getPosY (39 bytes)
Event: 2.625 Thread 0x0000024128f4c820 nmethod 1982 0x00000241138cbb90 code [0x00000241138cbd40, 0x00000241138cbf58]
Event: 2.650 Thread 0x0000024128f4c820 1984       3       jdk.internal.misc.Unsafe::weakCompareAndSetInt (11 bytes)
Event: 2.651 Thread 0x0000024128f4c820 nmethod 1984 0x00000241138cc010 code [0x00000241138cc1a0, 0x00000241138cc2b8]
Event: 2.667 Thread 0x0000024128f4c820 1985       1       java.util.concurrent.locks.AbstractQueuedSynchronizer::setState (6 bytes)
Event: 2.667 Thread 0x0000024128f4c820 nmethod 1985 0x000002411ab71590 code [0x000002411ab71720, 0x000002411ab717d8]
Event: 2.667 Thread 0x0000024128f4c820 1986       1       com.sun.javafx.geom.transform.GeneralTransform3D::isIdentity (5 bytes)
Event: 2.668 Thread 0x0000024128f4c820 nmethod 1986 0x000002411ab71890 code [0x000002411ab71a20, 0x000002411ab71ad8]
Event: 2.672 Thread 0x0000024128f4c820 1987       3       com.sun.prism.impl.BaseContext::setRenderTarget (47 bytes)
Event: 2.672 Thread 0x0000024128f4c820 nmethod 1987 0x00000241138cc390 code [0x00000241138cc560, 0x00000241138ccc18]
Event: 2.672 Thread 0x0000024128f4c820 1988       3       com.sun.prism.impl.ps.BaseShaderContext::setRenderTarget (270 bytes)
Event: 2.673 Thread 0x0000024128f4c820 nmethod 1988 0x00000241138ccd10 code [0x00000241138ccf60, 0x00000241138cdda8]

GC Heap History (4 events):
Event: 1.067 GC heap before
{Heap before GC invocations=0 (full 0):
 garbage-first heap   total 114688K, used 22528K [0x0000000091000000, 0x0000000100000000)
  region size 1024K, 23 young (23552K), 0 survivors (0K)
 Metaspace       used 5758K, capacity 8502K, committed 8704K, reserved 1056768K
  class space    used 760K, capacity 1020K, committed 1024K, reserved 1048576K
}
Event: 1.072 GC heap after
{Heap after GC invocations=1 (full 0):
 garbage-first heap   total 114688K, used 2796K [0x0000000091000000, 0x0000000100000000)
  region size 1024K, 3 young (3072K), 3 survivors (3072K)
 Metaspace       used 5758K, capacity 8502K, committed 8704K, reserved 1056768K
  class space    used 760K, capacity 1020K, committed 1024K, reserved 1048576K
}
Event: 2.303 GC heap before
{Heap before GC invocations=1 (full 0):
 garbage-first heap   total 114688K, used 34540K [0x0000000091000000, 0x0000000100000000)
  region size 1024K, 34 young (34816K), 3 survivors (3072K)
 Metaspace       used 13543K, capacity 15337K, committed 15360K, reserved 1062912K
  class space    used 2091K, capacity 2293K, committed 2304K, reserved 1048576K
}
Event: 2.312 GC heap after
{Heap after GC invocations=2 (full 0):
 garbage-first heap   total 114688K, used 6068K [0x0000000091000000, 0x0000000100000000)
  region size 1024K, 4 young (4096K), 4 survivors (4096K)
 Metaspace       used 13543K, capacity 15337K, committed 15360K, reserved 1062912K
  class space    used 2091K, capacity 2293K, committed 2304K, reserved 1048576K
}

Deoptimization events (20 events):
Event: 2.601 Thread 0x0000024129ebdbe0 DEOPT PACKING pc=0x00000241138aed5f sp=0x000000cea4ffe160
Event: 2.601 Thread 0x0000024129ebdbe0 DEOPT UNPACKING pc=0x000002411301e23f sp=0x000000cea4ffd598 mode 0
Event: 2.602 Thread 0x0000024129ebdbe0 DEOPT PACKING pc=0x00000241138a6e7c sp=0x000000cea4ffdfe0
Event: 2.602 Thread 0x0000024129ebdbe0 DEOPT UNPACKING pc=0x000002411301e23f sp=0x000000cea4ffd598 mode 0
Event: 2.608 Thread 0x0000024129ebdbe0 DEOPT PACKING pc=0x00000241138aed5f sp=0x000000cea4ffd260
Event: 2.608 Thread 0x0000024129ebdbe0 DEOPT UNPACKING pc=0x000002411301e23f sp=0x000000cea4ffc698 mode 0
Event: 2.609 Thread 0x0000024129ebdbe0 DEOPT PACKING pc=0x00000241138a6e7c sp=0x000000cea4ffd0e0
Event: 2.609 Thread 0x0000024129ebdbe0 DEOPT UNPACKING pc=0x000002411301e23f sp=0x000000cea4ffc698 mode 0
Event: 2.616 Thread 0x0000024129ebdbe0 DEOPT PACKING pc=0x00000241138aed5f sp=0x000000cea4ffd260
Event: 2.616 Thread 0x0000024129ebdbe0 DEOPT UNPACKING pc=0x000002411301e23f sp=0x000000cea4ffc698 mode 0
Event: 2.617 Thread 0x0000024129ebdbe0 DEOPT PACKING pc=0x00000241138a6e7c sp=0x000000cea4ffd0e0
Event: 2.617 Thread 0x0000024129ebdbe0 DEOPT UNPACKING pc=0x000002411301e23f sp=0x000000cea4ffc698 mode 0
Event: 2.668 Thread 0x0000024129ebdbe0 DEOPT PACKING pc=0x00000241138aed5f sp=0x000000cea4ffe160
Event: 2.668 Thread 0x0000024129ebdbe0 DEOPT UNPACKING pc=0x000002411301e23f sp=0x000000cea4ffd598 mode 0
Event: 2.669 Thread 0x0000024129ebdbe0 DEOPT PACKING pc=0x00000241138a6e7c sp=0x000000cea4ffdfe0
Event: 2.669 Thread 0x0000024129ebdbe0 DEOPT UNPACKING pc=0x000002411301e23f sp=0x000000cea4ffd598 mode 0
Event: 2.672 Thread 0x0000024129ebdbe0 DEOPT PACKING pc=0x00000241138aed5f sp=0x000000cea4ffe160
Event: 2.672 Thread 0x0000024129ebdbe0 DEOPT UNPACKING pc=0x000002411301e23f sp=0x000000cea4ffd598 mode 0
Event: 2.673 Thread 0x0000024129ebdbe0 DEOPT PACKING pc=0x00000241138a6e7c sp=0x000000cea4ffdfe0
Event: 2.673 Thread 0x0000024129ebdbe0 DEOPT UNPACKING pc=0x000002411301e23f sp=0x000000cea4ffd598 mode 0

Classes unloaded (0 events):
No events

Classes redefined (0 events):
No events

Internal exceptions (20 events):
Event: 1.010 Thread 0x0000024129fa6330 Exception <a 'java/lang/NoSuchMethodError'{0x0000000096aaa5c0}: 'java.lang.Object java.lang.invoke.DirectMethodHandle$Holder.invokeStaticInit(java.lang.Object, java.lang.Object, java.lang.Object, java.lang.Object)'> (0x0000000096aaa5c0) 
thrown [./open/src/hotspot/share/interpreter/linkResolver.cpp, line 782]
Event: 1.012 Thread 0x0000024129fa6330 Exception <a 'java/lang/NullPointerException'{0x0000000096ab65a0}> (0x0000000096ab65a0) 
thrown [./open/src/hotspot/share/interpreter/linkResolver.cpp, line 1374]
Event: 1.036 Thread 0x0000024129fa6330 Exception <a 'java/lang/NoSuchMethodError'{0x000000009690d6c8}: 'void java.lang.invoke.DirectMethodHandle$Holder.invokeSpecial(java.lang.Object, java.lang.Object, java.lang.Object, java.lang.Object, java.lang.Object)'> (0x000000009690d6c8) 
thrown [./open/src/hotspot/share/interpreter/linkResolver.cpp, line 782]
Event: 1.393 Thread 0x0000024129fa6330 Implicit null exception at 0x000002411aaf9633 to 0x000002411aaf9b18
Event: 1.394 Thread 0x0000024129fa6330 Implicit null exception at 0x000002411aaf558a to 0x000002411aaf598c
Event: 1.399 Thread 0x0000024129fa6330 Implicit null exception at 0x000002411aab92af to 0x000002411aab9329
Event: 1.628 Thread 0x0000024129fa6330 Exception <a 'java/lang/ClassNotFoundException'{0x00000000970a61c8}: com/sun/javafx/scene/control/skin/resources/controls> (0x00000000970a61c8) 
thrown [./open/src/hotspot/share/prims/jni.cpp, line 599]
Event: 1.630 Thread 0x0000024129fa6330 Exception <a 'java/lang/ClassNotFoundException'{0x00000000970b3cc0}: com/sun/javafx/scene/control/skin/resources/controls_fr> (0x00000000970b3cc0) 
thrown [./open/src/hotspot/share/prims/jni.cpp, line 599]
Event: 1.633 Thread 0x0000024129fa6330 Exception <a 'java/lang/ClassNotFoundException'{0x00000000970c1548}: com/sun/javafx/scene/control/skin/resources/controls_fr_FR> (0x00000000970c1548) 
thrown [./open/src/hotspot/share/prims/jni.cpp, line 599]
Event: 1.730 Thread 0x0000024129fa6330 Exception <a 'java/lang/NoSuchMethodError'{0x0000000096d05368}: 'void java.lang.invoke.DirectMethodHandle$Holder.invokeSpecial(java.lang.Object, java.lang.Object, java.lang.Object, java.lang.Object, java.lang.Object, java.lang.Object)'> (0x0000000096d05368) 
thrown [./open/src/hotspot/share/interpreter/linkResolver.cpp, line 782]
Event: 1.851 Thread 0x0000024129fa6330 Exception <a 'java/lang/NoSuchMethodError'{0x0000000096a2c838}: 'java.lang.Object java.lang.invoke.DirectMethodHandle$Holder.invokeInterface(java.lang.Object, java.lang.Object, java.lang.Object)'> (0x0000000096a2c838) 
thrown [./open/src/hotspot/share/interpreter/linkResolver.cpp, line 782]
Event: 1.851 Thread 0x0000024129fa6330 Exception <a 'java/lang/IncompatibleClassChangeError'{0x0000000096a303b8}: Found class java.lang.Object, but interface was expected> (0x0000000096a303b8) 
thrown [./open/src/hotspot/share/interpreter/linkResolver.cpp, line 848]
Event: 1.919 Thread 0x0000024129fa6330 Exception <a 'java/lang/NoSuchMethodError'{0x000000009698f3d8}: 'int java.lang.invoke.DirectMethodHandle$Holder.invokeStaticInit(java.lang.Object, java.lang.Object)'> (0x000000009698f3d8) 
thrown [./open/src/hotspot/share/interpreter/linkResolver.cpp, line 782]
Event: 2.122 Thread 0x0000024129fa6330 Exception <a 'java/lang/NoSuchMethodError'{0x00000000961c3d38}: 'java.lang.Object java.lang.invoke.DirectMethodHandle$Holder.newInvokeSpecial(java.lang.Object, java.lang.Object, int, int)'> (0x00000000961c3d38) 
thrown [./open/src/hotspot/share/interpreter/linkResolver.cpp, line 782]
Event: 2.141 Thread 0x0000024129fa6330 Exception <a 'java/lang/NoSuchMethodError'{0x00000000961e8598}: 'java.lang.Object java.lang.invoke.DirectMethodHandle$Holder.newInvokeSpecial(java.lang.Object, java.lang.Object, int)'> (0x00000000961e8598) 
thrown [./open/src/hotspot/share/interpreter/linkResolver.cpp, line 782]
Event: 2.252 Thread 0x0000024129fa6330 Exception <a 'java/lang/NoSuchMethodError'{0x0000000095f5f5b8}: 'long java.lang.invoke.DirectMethodHandle$Holder.invokeStatic(java.lang.Object, java.lang.Object, java.lang.Object)'> (0x0000000095f5f5b8) 
thrown [./open/src/hotspot/share/interpreter/linkResolver.cpp, line 782]
Event: 2.253 Thread 0x0000024129fa6330 Exception <a 'java/lang/NoSuchMethodError'{0x0000000095f62f68}: 'long java.lang.invoke.DirectMethodHandle$Holder.invokeStaticInit(java.lang.Object, java.lang.Object, java.lang.Object)'> (0x0000000095f62f68) 
thrown [./open/src/hotspot/share/interpreter/linkResolver.cpp, line 782]
Event: 2.260 Thread 0x0000024129fa6330 Exception <a 'java/lang/NoSuchMethodError'{0x0000000095e137d8}: 'java.lang.Object java.lang.invoke.DirectMethodHandle$Holder.newInvokeSpecial(java.lang.Object, java.lang.Object, long)'> (0x0000000095e137d8) 
thrown [./open/src/hotspot/share/interpreter/linkResolver.cpp, line 782]
Event: 2.261 Thread 0x0000024129fa6330 Exception <a 'java/lang/NoSuchMethodError'{0x0000000095e17548}: 'java.lang.Object java.lang.invoke.Invokers$Holder.linkToTargetMethod(java.lang.Object, long, java.lang.Object)'> (0x0000000095e17548) 
thrown [./open/src/hotspot/share/interpreter/linkResolver.cpp, line 782]
Event: 2.506 Thread 0x0000024129ebdbe0 Exception <a 'java/lang/NoSuchMethodError'{0x0000000097c2c628}: 'java.lang.Object java.lang.invoke.DirectMethodHandle$Holder.invokeStaticInit(java.lang.Object, int)'> (0x0000000097c2c628) 
thrown [./open/src/hotspot/share/interpreter/linkResolver.cpp, line 782]

Events (20 events):
Event: 2.303 Executing VM operation: G1CollectForAllocation
Event: 2.312 Executing VM operation: G1CollectForAllocation done
Event: 2.314 loading class jdk/internal/math/FDBigInteger
Event: 2.314 loading class jdk/internal/math/FDBigInteger done
Event: 2.321 loading class sun/misc/Unsafe
Event: 2.321 loading class sun/misc/Unsafe done
Event: 2.322 loading class jdk/internal/reflect/UnsafeFieldAccessorFactory
Event: 2.322 loading class jdk/internal/reflect/UnsafeFieldAccessorFactory done
Event: 2.323 loading class jdk/internal/reflect/UnsafeQualifiedStaticObjectFieldAccessorImpl
Event: 2.323 loading class jdk/internal/reflect/UnsafeQualifiedStaticFieldAccessorImpl
Event: 2.323 loading class jdk/internal/reflect/UnsafeQualifiedStaticFieldAccessorImpl done
Event: 2.323 loading class jdk/internal/reflect/UnsafeQualifiedStaticObjectFieldAccessorImpl done
Event: 2.410 loading class java/nio/ShortBuffer
Event: 2.411 loading class java/nio/ShortBuffer done
Event: 2.411 loading class java/nio/FloatBuffer
Event: 2.411 loading class java/nio/FloatBuffer done
Event: 2.412 loading class java/nio/DoubleBuffer
Event: 2.412 loading class java/nio/DoubleBuffer done
Event: 2.412 loading class java/nio/DirectFloatBufferU
Event: 2.413 loading class java/nio/DirectFloatBufferU done


Dynamic libraries:
0x00007ff623bd0000 - 0x00007ff623bdf000 	C:\Program Files\Java\jdk-15.0.1\bin\java.exe
0x00007ff8dd580000 - 0x00007ff8dd770000 	C:\Windows\SYSTEM32\ntdll.dll
0x00007ff8c17a0000 - 0x00007ff8c17b2000 	C:\Program Files\Avast Software\Avast\aswhook.dll
0x00007ff8dca90000 - 0x00007ff8dcb42000 	C:\Windows\System32\KERNEL32.DLL
0x00007ff8da4f0000 - 0x00007ff8da795000 	C:\Windows\System32\KERNELBASE.dll
0x00007ff8db2d0000 - 0x00007ff8db3ca000 	C:\Windows\System32\ucrtbase.dll
0x00007ff8bb340000 - 0x00007ff8bb358000 	C:\Program Files\Java\jdk-15.0.1\bin\jli.dll
0x00007ff8d4050000 - 0x00007ff8d4069000 	C:\Program Files\Java\jdk-15.0.1\bin\VCRUNTIME140.dll
0x00007ff8dc9e0000 - 0x00007ff8dca83000 	C:\Windows\System32\ADVAPI32.dll
0x00007ff8dbba0000 - 0x00007ff8dbc3e000 	C:\Windows\System32\msvcrt.dll
0x00007ff8dc870000 - 0x00007ff8dc907000 	C:\Windows\System32\sechost.dll
0x00007ff8dba80000 - 0x00007ff8dbb9f000 	C:\Windows\System32\RPCRT4.dll
0x00007ff8db630000 - 0x00007ff8db7c4000 	C:\Windows\System32\USER32.dll
0x00007ff8ccbd0000 - 0x00007ff8cce54000 	C:\Windows\WinSxS\amd64_microsoft.windows.common-controls_6595b64144ccf1df_6.0.18362.1440_none_9e7dbfb9e45e8e67\COMCTL32.dll
0x00007ff8db4b0000 - 0x00007ff8db4d1000 	C:\Windows\System32\win32u.dll
0x00007ff8dce90000 - 0x00007ff8dceb6000 	C:\Windows\System32\GDI32.dll
0x00007ff8dcb50000 - 0x00007ff8dce86000 	C:\Windows\System32\combase.dll
0x00007ff8db100000 - 0x00007ff8db298000 	C:\Windows\System32\gdi32full.dll
0x00007ff8db420000 - 0x00007ff8db4a1000 	C:\Windows\System32\bcryptPrimitives.dll
0x00007ff8db4e0000 - 0x00007ff8db57e000 	C:\Windows\System32\msvcp_win.dll
0x00007ff8d3260000 - 0x00007ff8d326a000 	C:\Windows\SYSTEM32\VERSION.dll
0x00007ff8dba30000 - 0x00007ff8dba5e000 	C:\Windows\System32\IMM32.DLL
0x00007ff8d28b0000 - 0x00007ff8d28bc000 	C:\Program Files\Java\jdk-15.0.1\bin\vcruntime140_1.dll
0x00007ff8c95a0000 - 0x00007ff8c9631000 	C:\Program Files\Java\jdk-15.0.1\bin\msvcp140.dll
0x00007ff8884e0000 - 0x00007ff88903e000 	C:\Program Files\Java\jdk-15.0.1\bin\server\jvm.dll
0x00007ff8dba70000 - 0x00007ff8dba78000 	C:\Windows\System32\PSAPI.DLL
0x00007ff8d0390000 - 0x00007ff8d0399000 	C:\Windows\SYSTEM32\WSOCK32.dll
0x00007ff8c9940000 - 0x00007ff8c9964000 	C:\Windows\SYSTEM32\WINMM.dll
0x00007ff8dbd90000 - 0x00007ff8dbdff000 	C:\Windows\System32\WS2_32.dll
0x00007ff8c9910000 - 0x00007ff8c993d000 	C:\Windows\SYSTEM32\winmmbase.dll
0x00007ff8db3d0000 - 0x00007ff8db41a000 	C:\Windows\System32\cfgmgr32.dll
0x00007ff8da440000 - 0x00007ff8da451000 	C:\Windows\System32\kernel.appcore.dll
0x00007ff8d27f0000 - 0x00007ff8d27fa000 	C:\Program Files\Java\jdk-15.0.1\bin\jimage.dll
0x00007ff8d8ac0000 - 0x00007ff8d8cb4000 	C:\Windows\SYSTEM32\DBGHELP.DLL
0x00007ff8d2900000 - 0x00007ff8d292a000 	C:\Windows\SYSTEM32\dbgcore.DLL
0x00007ff8d2800000 - 0x00007ff8d2825000 	C:\Program Files\Java\jdk-15.0.1\bin\java.dll
0x00007ff8dbe00000 - 0x00007ff8dc4e8000 	C:\Windows\System32\SHELL32.dll
0x00007ff8db980000 - 0x00007ff8dba27000 	C:\Windows\System32\shcore.dll
0x00007ff8da800000 - 0x00007ff8daf7b000 	C:\Windows\System32\windows.storage.dll
0x00007ff8da4d0000 - 0x00007ff8da4ee000 	C:\Windows\System32\profapi.dll
0x00007ff8da480000 - 0x00007ff8da4ca000 	C:\Windows\System32\powrprof.dll
0x00007ff8da430000 - 0x00007ff8da440000 	C:\Windows\System32\UMPDC.dll
0x00007ff8dc910000 - 0x00007ff8dc962000 	C:\Windows\System32\shlwapi.dll
0x00007ff8db0e0000 - 0x00007ff8db0f7000 	C:\Windows\System32\cryptsp.dll
0x00007ff8d27a0000 - 0x00007ff8d27b9000 	C:\Program Files\Java\jdk-15.0.1\bin\net.dll
0x00007ff8d1320000 - 0x00007ff8d141a000 	C:\Windows\SYSTEM32\WINHTTP.dll
0x00007ff8d9c10000 - 0x00007ff8d9c77000 	C:\Windows\system32\mswsock.dll
0x00007ff8d2630000 - 0x00007ff8d2642000 	C:\Program Files\Java\jdk-15.0.1\bin\nio.dll
0x00007ff8d23d0000 - 0x00007ff8d23e8000 	C:\Program Files\Java\jdk-15.0.1\bin\zip.dll
0x000002412a4c0000 - 0x000002412a4c3000 	C:\Users\lasch\.openjfx\cache\15.0.1\api-ms-win-core-console-l1-1-0.dll
0x000002412a4d0000 - 0x000002412a4d3000 	C:\Users\lasch\.openjfx\cache\15.0.1\api-ms-win-core-console-l1-2-0.dll
0x000002412a4e0000 - 0x000002412a4e3000 	C:\Users\lasch\.openjfx\cache\15.0.1\api-ms-win-core-datetime-l1-1-0.dll
0x000002412a4f0000 - 0x000002412a4f3000 	C:\Users\lasch\.openjfx\cache\15.0.1\api-ms-win-core-debug-l1-1-0.dll
0x000002412a500000 - 0x000002412a503000 	C:\Users\lasch\.openjfx\cache\15.0.1\api-ms-win-core-errorhandling-l1-1-0.dll
0x000002412a510000 - 0x000002412a514000 	C:\Users\lasch\.openjfx\cache\15.0.1\api-ms-win-core-file-l1-1-0.dll
0x000002412a520000 - 0x000002412a523000 	C:\Users\lasch\.openjfx\cache\15.0.1\api-ms-win-core-file-l1-2-0.dll
0x000002412a530000 - 0x000002412a533000 	C:\Users\lasch\.openjfx\cache\15.0.1\api-ms-win-core-file-l2-1-0.dll
0x000002412a540000 - 0x000002412a543000 	C:\Users\lasch\.openjfx\cache\15.0.1\api-ms-win-core-handle-l1-1-0.dll
0x000002412a550000 - 0x000002412a553000 	C:\Users\lasch\.openjfx\cache\15.0.1\api-ms-win-core-heap-l1-1-0.dll
0x000002412a560000 - 0x000002412a563000 	C:\Users\lasch\.openjfx\cache\15.0.1\api-ms-win-core-interlocked-l1-1-0.dll
0x000002412a570000 - 0x000002412a573000 	C:\Users\lasch\.openjfx\cache\15.0.1\api-ms-win-core-libraryloader-l1-1-0.dll
0x000002412a580000 - 0x000002412a583000 	C:\Users\lasch\.openjfx\cache\15.0.1\api-ms-win-core-localization-l1-2-0.dll
0x000002412a590000 - 0x000002412a593000 	C:\Users\lasch\.openjfx\cache\15.0.1\api-ms-win-core-memory-l1-1-0.dll
0x000002412a5a0000 - 0x000002412a5a3000 	C:\Users\lasch\.openjfx\cache\15.0.1\api-ms-win-core-namedpipe-l1-1-0.dll
0x000002412a5b0000 - 0x000002412a5b3000 	C:\Users\lasch\.openjfx\cache\15.0.1\api-ms-win-core-processenvironment-l1-1-0.dll
0x000002412a5c0000 - 0x000002412a5c3000 	C:\Users\lasch\.openjfx\cache\15.0.1\api-ms-win-core-processthreads-l1-1-0.dll
0x000002412a5d0000 - 0x000002412a5d3000 	C:\Users\lasch\.openjfx\cache\15.0.1\api-ms-win-core-processthreads-l1-1-1.dll
0x000002412a5e0000 - 0x000002412a5e3000 	C:\Users\lasch\.openjfx\cache\15.0.1\api-ms-win-core-profile-l1-1-0.dll
0x000002412a5f0000 - 0x000002412a5f3000 	C:\Users\lasch\.openjfx\cache\15.0.1\api-ms-win-core-rtlsupport-l1-1-0.dll
0x000002412a600000 - 0x000002412a603000 	C:\Users\lasch\.openjfx\cache\15.0.1\api-ms-win-core-string-l1-1-0.dll
0x000002412a610000 - 0x000002412a613000 	C:\Users\lasch\.openjfx\cache\15.0.1\api-ms-win-core-synch-l1-1-0.dll
0x000002412a620000 - 0x000002412a623000 	C:\Users\lasch\.openjfx\cache\15.0.1\api-ms-win-core-synch-l1-2-0.dll
0x000002412a630000 - 0x000002412a633000 	C:\Users\lasch\.openjfx\cache\15.0.1\api-ms-win-core-sysinfo-l1-1-0.dll
0x000002412a640000 - 0x000002412a643000 	C:\Users\lasch\.openjfx\cache\15.0.1\api-ms-win-core-timezone-l1-1-0.dll
0x000002412a650000 - 0x000002412a653000 	C:\Users\lasch\.openjfx\cache\15.0.1\api-ms-win-core-util-l1-1-0.dll
0x000002412a660000 - 0x000002412a663000 	C:\Users\lasch\.openjfx\cache\15.0.1\api-ms-win-crt-conio-l1-1-0.dll
0x000002412a670000 - 0x000002412a674000 	C:\Users\lasch\.openjfx\cache\15.0.1\api-ms-win-crt-convert-l1-1-0.dll
0x000002412a680000 - 0x000002412a683000 	C:\Users\lasch\.openjfx\cache\15.0.1\api-ms-win-crt-environment-l1-1-0.dll
0x000002412a690000 - 0x000002412a693000 	C:\Users\lasch\.openjfx\cache\15.0.1\api-ms-win-crt-filesystem-l1-1-0.dll
0x000002412a6a0000 - 0x000002412a6a3000 	C:\Users\lasch\.openjfx\cache\15.0.1\api-ms-win-crt-heap-l1-1-0.dll
0x000002412a6b0000 - 0x000002412a6b3000 	C:\Users\lasch\.openjfx\cache\15.0.1\api-ms-win-crt-locale-l1-1-0.dll
0x000002412a6c0000 - 0x000002412a6c5000 	C:\Users\lasch\.openjfx\cache\15.0.1\api-ms-win-crt-math-l1-1-0.dll
0x000002412a6d0000 - 0x000002412a6d5000 	C:\Users\lasch\.openjfx\cache\15.0.1\api-ms-win-crt-multibyte-l1-1-0.dll
0x000002412a6e0000 - 0x000002412a6f0000 	C:\Users\lasch\.openjfx\cache\15.0.1\api-ms-win-crt-private-l1-1-0.dll
0x000002412a6f0000 - 0x000002412a6f3000 	C:\Users\lasch\.openjfx\cache\15.0.1\api-ms-win-crt-process-l1-1-0.dll
0x000002412a700000 - 0x000002412a704000 	C:\Users\lasch\.openjfx\cache\15.0.1\api-ms-win-crt-runtime-l1-1-0.dll
0x000002412a710000 - 0x000002412a714000 	C:\Users\lasch\.openjfx\cache\15.0.1\api-ms-win-crt-stdio-l1-1-0.dll
0x000002412a720000 - 0x000002412a724000 	C:\Users\lasch\.openjfx\cache\15.0.1\api-ms-win-crt-string-l1-1-0.dll
0x000002412a730000 - 0x000002412a733000 	C:\Users\lasch\.openjfx\cache\15.0.1\api-ms-win-crt-time-l1-1-0.dll
0x000002412a740000 - 0x000002412a743000 	C:\Users\lasch\.openjfx\cache\15.0.1\api-ms-win-crt-utility-l1-1-0.dll
0x00007ff8a7b40000 - 0x00007ff8a7c3c000 	C:\Users\lasch\.openjfx\cache\15.0.1\ucrtbase.dll
0x00007ff8d5c20000 - 0x00007ff8d5c35000 	C:\Users\lasch\.openjfx\cache\15.0.1\vcruntime140.dll
0x00007ff8b5350000 - 0x00007ff8b53eb000 	C:\Users\lasch\.openjfx\cache\15.0.1\msvcp140.dll
0x00007ff8d0910000 - 0x00007ff8d0933000 	C:\Users\lasch\.openjfx\cache\15.0.1\prism_d3d.dll
0x00007ff89d700000 - 0x00007ff89d8c7000 	C:\Windows\system32\d3d9.dll
0x00007ff8d8590000 - 0x00007ff8d85bd000 	C:\Windows\SYSTEM32\dwmapi.dll
0x00007ff8d9070000 - 0x00007ff8d9090000 	C:\Windows\SYSTEM32\dxcore.dll
0x00007ff8d8170000 - 0x00007ff8d8209000 	C:\Windows\system32\uxtheme.dll
0x00007ff8c6830000 - 0x00007ff8c6a0d000 	C:\Windows\System32\DriverStore\FileRepository\u0347924.inf_amd64_04af308e61660124\B347730\aticfx64.dll
0x00007ff8cec70000 - 0x00007ff8ceca0000 	C:\Windows\System32\DriverStore\FileRepository\u0347924.inf_amd64_04af308e61660124\B347730\atiu9p64.dll
0x00007ff887810000 - 0x00007ff8884db000 	C:\Windows\System32\DriverStore\FileRepository\u0347924.inf_amd64_04af308e61660124\B347730\atiumd64.dll
0x00007ff8dc6f0000 - 0x00007ff8dc847000 	C:\Windows\System32\ole32.dll
0x00000000530c0000 - 0x0000000053e43000 	C:\Windows\System32\DriverStore\FileRepository\u0347924.inf_amd64_04af308e61660124\B347730\atiumd6a.dll
0x00007ff8bb7d0000 - 0x00007ff8bb815000 	C:\Users\lasch\.openjfx\cache\15.0.1\glass.dll
0x00007ff8dd330000 - 0x00007ff8dd400000 	C:\Windows\System32\COMDLG32.dll
0x00007ff8dbcc0000 - 0x00007ff8dbd85000 	C:\Windows\System32\OLEAUT32.dll
0x00007ff8dd400000 - 0x00007ff8dd535000 	C:\Windows\System32\MSCTF.dll
0x00007ff8d5ab0000 - 0x00007ff8d5ac4000 	C:\Users\lasch\.openjfx\cache\15.0.1\javafx_font.dll
0x00007ff8c35a0000 - 0x00007ff8c389e000 	C:\Windows\SYSTEM32\dwrite.dll
0x00007ff8dc550000 - 0x00007ff8dc5f2000 	C:\Windows\System32\clbcatq.dll
0x00007ff8c8950000 - 0x00007ff8c8aff000 	C:\Windows\SYSTEM32\WindowsCodecs.dll
0x00007ff8ac7f0000 - 0x00007ff8ac82b000 	C:\Windows\system32\dataexchange.dll
0x00007ff8d7170000 - 0x00007ff8d73cb000 	C:\Windows\system32\d3d11.dll
0x00007ff8d7830000 - 0x00007ff8d7a0d000 	C:\Windows\system32\dcomp.dll
0x00007ff8d9100000 - 0x00007ff8d91eb000 	C:\Windows\system32\dxgi.dll
0x00007ff8d8240000 - 0x00007ff8d849a000 	C:\Windows\system32\twinapi.appcore.dll
0x00007ff8d8670000 - 0x00007ff8d8699000 	C:\Windows\system32\RMCLIENT.dll
0x00007ff8b4520000 - 0x00007ff8b4553000 	C:\Program Files\Common Files\Microsoft Shared\Ink\rtscom.dll
0x00007ff8c8c20000 - 0x00007ff8c8cbd000 	C:\Windows\System32\TextInputFramework.dll
0x00007ff8c8e10000 - 0x00007ff8c913a000 	C:\Windows\System32\CoreUIComponents.dll
0x00007ff8d7a10000 - 0x00007ff8d7ae4000 	C:\Windows\System32\CoreMessaging.dll
0x00007ff8d9470000 - 0x00007ff8d94a1000 	C:\Windows\SYSTEM32\ntmarta.dll
0x00007ff8d5fa0000 - 0x00007ff8d60f2000 	C:\Windows\SYSTEM32\wintypes.dll
0x00007ff8cf160000 - 0x00007ff8cf407000 	C:\Windows\System32\iertutil.dll

dbghelp: loaded successfully - version: 4.0.5 - missing functions: none
symbol engine: initialized successfully - sym options: 0x614 - pdb path: .;C:\Program Files\Java\jdk-15.0.1\bin;C:\Windows\SYSTEM32;C:\Program Files\Avast Software\Avast;C:\Windows\WinSxS\amd64_microsoft.windows.common-controls_6595b64144ccf1df_6.0.18362.1440_none_9e7dbfb9e45e8e67;C:\Program Files\Java\jdk-15.0.1\bin\server;C:\Users\lasch\.openjfx\cache\15.0.1;C:\Windows\System32\DriverStore\FileRepository\u0347924.inf_amd64_04af308e61660124\B347730;C:\Program Files\Common Files\Microsoft Shared\Ink

VM Arguments:
jvm_args: --module-path=C:\Users\lasch\.m2\repository\org\openjfx\javafx-base\15.0.1\javafx-base-15.0.1-win.jar;C:\Users\lasch\.m2\repository\org\openjfx\javafx-base\15.0.1\javafx-base-15.0.1.jar;C:\Users\lasch\.m2\repository\org\openjfx\javafx-controls\15.0.1\javafx-controls-15.0.1-win.jar;C:\Users\lasch\.m2\repository\org\openjfx\javafx-controls\15.0.1\javafx-controls-15.0.1.jar;C:\Users\lasch\.m2\repository\org\openjfx\javafx-graphics\15.0.1\javafx-graphics-15.0.1-win.jar;C:\Users\lasch\.m2\repository\org\openjfx\javafx-graphics\15.0.1\javafx-graphics-15.0.1.jar --add-modules=javafx.base,javafx.controls,javafx.graphics 
java_command: fr.insa.cours.projetv2.gui.main
java_class_path (initial): C:\code\projet_s2\projet_s2\projet_s2\Projet_treilli\Projetv2\mavenproject1\target\classes
Launcher Type: SUN_STANDARD

[Global flags]
     intx CICompilerCount                          = 4                                         {product} {ergonomic}
     uint ConcGCThreads                            = 2                                         {product} {ergonomic}
     uint G1ConcRefinementThreads                  = 8                                         {product} {ergonomic}
   size_t G1HeapRegionSize                         = 1048576                                   {product} {ergonomic}
    uintx GCDrainStackTargetSize                   = 64                                        {product} {ergonomic}
   size_t InitialHeapSize                          = 117440512                                 {product} {ergonomic}
   size_t MarkStackSize                            = 4194304                                   {product} {ergonomic}
   size_t MaxHeapSize                              = 1862270976                                {product} {ergonomic}
   size_t MaxNewSize                               = 1116733440                                {product} {ergonomic}
   size_t MinHeapDeltaBytes                        = 1048576                                   {product} {ergonomic}
   size_t MinHeapSize                              = 8388608                                   {product} {ergonomic}
    uintx NonNMethodCodeHeapSize                   = 5839372                                {pd product} {ergonomic}
    uintx NonProfiledCodeHeapSize                  = 122909434                              {pd product} {ergonomic}
    uintx ProfiledCodeHeapSize                     = 122909434                              {pd product} {ergonomic}
    uintx ReservedCodeCacheSize                    = 251658240                              {pd product} {ergonomic}
     bool SegmentedCodeCache                       = true                                      {product} {ergonomic}
   size_t SoftMaxHeapSize                          = 1862270976                             {manageable} {ergonomic}
     bool UseCompressedClassPointers               = true                                 {lp64_product} {ergonomic}
     bool UseCompressedOops                        = true                                 {lp64_product} {ergonomic}
     bool UseG1GC                                  = true                                      {product} {ergonomic}
     bool UseLargePagesIndividualAllocation        = false                                  {pd product} {ergonomic}

Logging:
Log output configuration:
 #0: stdout all=warning uptime,level,tags
 #1: stderr all=off uptime,level,tags

Environment Variables:
JAVA_HOME=C:\Program Files\Java\jdk-15.0.1
PATH=C:\PROGRA~1\PTC\UTILIT~1\MKSTOO~1\bin64;C:\PROGRA~1\PTC\UTILIT~1\MKSTOO~1\bin;C:\PROGRA~1\PTC\UTILIT~1\MKSTOO~1\bin\X11;C:\PROGRA~1\PTC\UTILIT~1\MKSTOO~1\mksnt;C:\Program Files\Common Files\Oracle\Java\javapath;C:\Program Files\Common Files\Oracle\Java\javapath\C:\Program Files\Java\C:\Program Files\Java\jdk-15.0.1\bin;C:\Windows\system32;C:\Windows;C:\Windows\System32\Wbem;C:\Windows\System32\WindowsPowerShell\v1.0\;C:\Windows\System32\OpenSSH\;C:\Users\lasch\AppData\Local\Microsoft\WindowsApps;
USERNAME=lasch
DISPLAY=:0.0
OS=Windows_NT
PROCESSOR_IDENTIFIER=AMD64 Family 23 Model 24 Stepping 1, AuthenticAMD



---------------  S Y S T E M  ---------------

OS:
 Windows 10 , 64 bit Build 18362 (10.0.18362.1350)
OS uptime: 60 days 14:17 hours

CPU: total 8 (initial active 8) (8 cores per cpu, 2 threads per core) family 23 model 24 stepping 1 microcode 0x0, cmov, cx8, fxsr, mmx, sse, sse2, sse3, ssse3, sse4.1, sse4.2, popcnt, vzeroupper, avx, avx2, aes, clmul, 3dnowpref, lzcnt, sse4a, ht, tsc, tscinvbit, tscinv, bmi1, bmi2, adx, sha, fma, clflush, clflushopt

Memory: 4k page, system-wide physical 7103M (373M free)
TotalPageFile size 28607M (AvailPageFile size 6M)
current process WorkingSet (physical memory assigned to process): 147M, peak: 149M
current process commit charge ("private bytes"): 299M, peak: 300M

vm_info: Java HotSpot(TM) 64-Bit Server VM (15.0.1+9-18) for windows-amd64 JRE (15.0.1+9-18), built on Sep 15 2020 14:43:54 by "mach5one" with unknown MS VC++:1925

END.
