#
# There is insufficient memory for the Java Runtime Environment to continue.
# Native memory allocation (mmap) failed to map 117440512 bytes for G1 virtual space
# Possible reasons:
#   The system is out of physical RAM or swap space
#   The process is running with CompressedOops enabled, and the Java Heap may be blocking the growth of the native heap
# Possible solutions:
#   Reduce memory load on the system
#   Increase physical memory or swap space
#   Check if swap backing store is full
#   Decrease Java heap size (-Xmx/-Xms)
#   Decrease number of Java threads
#   Decrease Java thread stack sizes (-Xss)
#   Set larger code cache with -XX:ReservedCodeCacheSize=
#   JVM is running with Unscaled Compressed Oops mode in which the Java heap is
#     placed in the first 4GB address space. The Java Heap base address is the
#     maximum limit for the native heap growth. Please use -XX:HeapBaseMinAddress
#     to set the Java Heap base and to place the Java Heap above 4GB virtual address.
# This output file may be truncated or incomplete.
#
#  Out of Memory Error (./open/src/hotspot/os/windows/os_windows.cpp:3472), pid=42244, tid=3252
#
# JRE version:  (15.0.1+9) (build )
# Java VM: Java HotSpot(TM) 64-Bit Server VM (15.0.1+9-18, mixed mode, sharing, tiered, compressed oops, g1 gc, windows-amd64)
# No core dump will be written. Minidumps are not enabled by default on client versions of Windows
#

---------------  S U M M A R Y ------------

Command Line: --module-path=C:\Users\lasch\.m2\repository\org\openjfx\javafx-base\15.0.1\javafx-base-15.0.1-win.jar;C:\Users\lasch\.m2\repository\org\openjfx\javafx-base\15.0.1\javafx-base-15.0.1.jar;C:\Users\lasch\.m2\repository\org\openjfx\javafx-controls\15.0.1\javafx-controls-15.0.1-win.jar;C:\Users\lasch\.m2\repository\org\openjfx\javafx-controls\15.0.1\javafx-controls-15.0.1.jar;C:\Users\lasch\.m2\repository\org\openjfx\javafx-graphics\15.0.1\javafx-graphics-15.0.1-win.jar;C:\Users\lasch\.m2\repository\org\openjfx\javafx-graphics\15.0.1\javafx-graphics-15.0.1.jar --add-modules=javafx.base,javafx.controls,javafx.graphics fr.insa.cours.projetv2.gui.main

Host: AMD Ryzen 7 3700U with Radeon Vega Mobile Gfx  , 8 cores, 6G,  Windows 10 , 64 bit Build 18362 (10.0.18362.1350)
Time: Fri May 14 19:32:38 2021 Paris, Madrid (heure d?été) elapsed time: 0.022315 seconds (0d 0h 0m 0s)

---------------  T H R E A D  ---------------

Current thread (0x000001d4a21d1fd0):  JavaThread "Unknown thread" [_thread_in_vm, id=3252, stack(0x000000620c100000,0x000000620c200000)]

Stack: [0x000000620c100000,0x000000620c200000]
Native frames: (J=compiled Java code, j=interpreted, Vv=VM code, C=native code)
V  [jvm.dll+0x62ae9a]
V  [jvm.dll+0x781389]
V  [jvm.dll+0x782ae3]
V  [jvm.dll+0x783143]
V  [jvm.dll+0x216265]
V  [jvm.dll+0x6281d9]
V  [jvm.dll+0x61cd15]
V  [jvm.dll+0x2d01fd]
V  [jvm.dll+0x2d0062]
V  [jvm.dll+0x2d603c]
V  [jvm.dll+0x325b2a]
V  [jvm.dll+0x3251f4]
V  [jvm.dll+0x2a717a]
V  [jvm.dll+0x2a8318]
V  [jvm.dll+0x75e101]
V  [jvm.dll+0x3343e4]
V  [jvm.dll+0x73e826]
V  [jvm.dll+0x3b7777]
V  [jvm.dll+0x3b9201]
C  [jli.dll+0x52fb]
C  [ucrtbase.dll+0x210b2]
C  [KERNEL32.DLL+0x17c24]
C  [ntdll.dll+0x6d721]


---------------  P R O C E S S  ---------------

Threads class SMR info:
_java_thread_list=0x00007ff888fa4ff0, length=0, elements={
}

Java Threads: ( => current thread )

Other Threads:
  0x000001d4a2209930 GCTaskThread "GC Thread#0" [stack: 0x000000620c200000,0x000000620c300000] [id=29524]
  0x000001d4a2219970 ConcurrentGCThread "G1 Main Marker" [stack: 0x000000620c300000,0x000000620c400000] [id=32876]
  0x000001d4a221ad00 ConcurrentGCThread "G1 Conc#0" [stack: 0x000000620c400000,0x000000620c500000] [id=38140]

[error occurred during error reporting (printing all threads), id 0xc0000005, EXCEPTION_ACCESS_VIOLATION (0xc0000005) at pc=0x00007ff888798047]

VM state: not at safepoint (not fully initialized)

VM Mutex/Monitor currently owned by a thread:  ([mutex/lock_event])
[0x000001d4a21cf710] Heap_lock - owner thread: 0x000001d4a21d1fd0

Heap address: 0x0000000091000000, size: 1776 MB, Compressed Oops mode: 32-bit
CDS archive(s) mapped at: [0x0000000000000000-0x0000000000000000-0x0000000000000000), size 0, SharedBaseAddress: 0x0000000800000000, ArchiveRelocationMode: 0.
Narrow klass base: 0x0000000000000000, Narrow klass shift: 0, Narrow klass range: 0x0

Heap:
 garbage-first heap   total 114688K, used 0K [0x0000000091000000, 0x0000000100000000)
  region size 1024K, 0 young (0K), 0 survivors (0K)
 Metaspace       used 0K, capacity 0K, committed 0K, reserved 0K
  class space    used 0K, capacity 0K, committed 0K, reserved 0K

Heap Regions: E=young(eden), S=young(survivor), O=old, HS=humongous(starts), HC=humongous(continues), CS=collection set, F=free, OA=open archive, CA=closed archive, TAMS=top-at-mark-start (previous, next)

Card table byte_map: [0x000001d4bb9e0000,0x000001d4bbd60000] _byte_map_base: 0x000001d4bb558000

Marking Bits (Prev, Next): (CMBitMap*) 0x000001d4a220b140, (CMBitMap*) 0x000001d4a220b180
 Prev Bits: [0x000001d4bc0e0000, 0x000001d4bdca0000)
 Next Bits: [0x000001d4bdca0000, 0x000001d4bf860000)

GC Heap History (0 events):
No events

Deoptimization events (0 events):
No events

Classes unloaded (0 events):
No events

Classes redefined (0 events):
No events

Internal exceptions (0 events):
No events

Events (1 events):
Event: 0.012 Loaded shared library C:\Program Files\Java\jdk-15.0.1\bin\java.dll


Dynamic libraries:
0x00007ff623bd0000 - 0x00007ff623bdf000 	C:\Program Files\Java\jdk-15.0.1\bin\java.exe
0x00007ff8dd580000 - 0x00007ff8dd770000 	C:\Windows\SYSTEM32\ntdll.dll
0x00007ff8c17a0000 - 0x00007ff8c17b2000 	C:\Program Files\Avast Software\Avast\aswhook.dll
0x00007ff8dca90000 - 0x00007ff8dcb42000 	C:\Windows\System32\KERNEL32.DLL
0x00007ff8da4f0000 - 0x00007ff8da795000 	C:\Windows\System32\KERNELBASE.dll
0x00007ff8db2d0000 - 0x00007ff8db3ca000 	C:\Windows\System32\ucrtbase.dll
0x00007ff8d4050000 - 0x00007ff8d4069000 	C:\Program Files\Java\jdk-15.0.1\bin\VCRUNTIME140.dll
0x00007ff8bb340000 - 0x00007ff8bb358000 	C:\Program Files\Java\jdk-15.0.1\bin\jli.dll
0x00007ff8dc9e0000 - 0x00007ff8dca83000 	C:\Windows\System32\ADVAPI32.dll
0x00007ff8dbba0000 - 0x00007ff8dbc3e000 	C:\Windows\System32\msvcrt.dll
0x00007ff8dc870000 - 0x00007ff8dc907000 	C:\Windows\System32\sechost.dll
0x00007ff8dba80000 - 0x00007ff8dbb9f000 	C:\Windows\System32\RPCRT4.dll
0x00007ff8db630000 - 0x00007ff8db7c4000 	C:\Windows\System32\USER32.dll
0x00007ff8ccbd0000 - 0x00007ff8cce54000 	C:\Windows\WinSxS\amd64_microsoft.windows.common-controls_6595b64144ccf1df_6.0.18362.1440_none_9e7dbfb9e45e8e67\COMCTL32.dll
0x00007ff8db4b0000 - 0x00007ff8db4d1000 	C:\Windows\System32\win32u.dll
0x00007ff8dce90000 - 0x00007ff8dceb6000 	C:\Windows\System32\GDI32.dll
0x00007ff8dcb50000 - 0x00007ff8dce86000 	C:\Windows\System32\combase.dll
0x00007ff8db100000 - 0x00007ff8db298000 	C:\Windows\System32\gdi32full.dll
0x00007ff8db420000 - 0x00007ff8db4a1000 	C:\Windows\System32\bcryptPrimitives.dll
0x00007ff8db4e0000 - 0x00007ff8db57e000 	C:\Windows\System32\msvcp_win.dll
0x00007ff8d3260000 - 0x00007ff8d326a000 	C:\Windows\SYSTEM32\VERSION.dll
0x00007ff8dba30000 - 0x00007ff8dba5e000 	C:\Windows\System32\IMM32.DLL
0x00007ff8d28b0000 - 0x00007ff8d28bc000 	C:\Program Files\Java\jdk-15.0.1\bin\vcruntime140_1.dll
0x00007ff8c95a0000 - 0x00007ff8c9631000 	C:\Program Files\Java\jdk-15.0.1\bin\msvcp140.dll
0x00007ff8884e0000 - 0x00007ff88903e000 	C:\Program Files\Java\jdk-15.0.1\bin\server\jvm.dll
0x00007ff8dba70000 - 0x00007ff8dba78000 	C:\Windows\System32\PSAPI.DLL
0x00007ff8d0390000 - 0x00007ff8d0399000 	C:\Windows\SYSTEM32\WSOCK32.dll
0x00007ff8c9940000 - 0x00007ff8c9964000 	C:\Windows\SYSTEM32\WINMM.dll
0x00007ff8dbd90000 - 0x00007ff8dbdff000 	C:\Windows\System32\WS2_32.dll
0x00007ff8c9910000 - 0x00007ff8c993d000 	C:\Windows\SYSTEM32\winmmbase.dll
0x00007ff8db3d0000 - 0x00007ff8db41a000 	C:\Windows\System32\cfgmgr32.dll
0x00007ff8da440000 - 0x00007ff8da451000 	C:\Windows\System32\kernel.appcore.dll
0x00007ff8d27f0000 - 0x00007ff8d27fa000 	C:\Program Files\Java\jdk-15.0.1\bin\jimage.dll
0x00007ff8d8ac0000 - 0x00007ff8d8cb4000 	C:\Windows\SYSTEM32\DBGHELP.DLL
0x00007ff8d2900000 - 0x00007ff8d292a000 	C:\Windows\SYSTEM32\dbgcore.DLL
0x00007ff8d2800000 - 0x00007ff8d2825000 	C:\Program Files\Java\jdk-15.0.1\bin\java.dll

dbghelp: loaded successfully - version: 4.0.5 - missing functions: none
symbol engine: initialized successfully - sym options: 0x614 - pdb path: .;C:\Program Files\Java\jdk-15.0.1\bin;C:\Windows\SYSTEM32;C:\Program Files\Avast Software\Avast;C:\Windows\WinSxS\amd64_microsoft.windows.common-controls_6595b64144ccf1df_6.0.18362.1440_none_9e7dbfb9e45e8e67;C:\Program Files\Java\jdk-15.0.1\bin\server

VM Arguments:
jvm_args: --module-path=C:\Users\lasch\.m2\repository\org\openjfx\javafx-base\15.0.1\javafx-base-15.0.1-win.jar;C:\Users\lasch\.m2\repository\org\openjfx\javafx-base\15.0.1\javafx-base-15.0.1.jar;C:\Users\lasch\.m2\repository\org\openjfx\javafx-controls\15.0.1\javafx-controls-15.0.1-win.jar;C:\Users\lasch\.m2\repository\org\openjfx\javafx-controls\15.0.1\javafx-controls-15.0.1.jar;C:\Users\lasch\.m2\repository\org\openjfx\javafx-graphics\15.0.1\javafx-graphics-15.0.1-win.jar;C:\Users\lasch\.m2\repository\org\openjfx\javafx-graphics\15.0.1\javafx-graphics-15.0.1.jar --add-modules=javafx.base,javafx.controls,javafx.graphics 
java_command: fr.insa.cours.projetv2.gui.main
java_class_path (initial): C:\code\projet_s2\projet_s2\projet_s2\Projet_treilli\Projetv2\mavenproject1\target\classes
Launcher Type: SUN_STANDARD

[Global flags]
     intx CICompilerCount                          = 4                                         {product} {ergonomic}
     uint ConcGCThreads                            = 2                                         {product} {ergonomic}
     uint G1ConcRefinementThreads                  = 8                                         {product} {ergonomic}
   size_t G1HeapRegionSize                         = 1048576                                   {product} {ergonomic}
    uintx GCDrainStackTargetSize                   = 64                                        {product} {ergonomic}
   size_t InitialHeapSize                          = 117440512                                 {product} {ergonomic}
   size_t MarkStackSize                            = 4194304                                   {product} {ergonomic}
   size_t MaxHeapSize                              = 1862270976                                {product} {ergonomic}
   size_t MinHeapDeltaBytes                        = 1048576                                   {product} {ergonomic}
   size_t MinHeapSize                              = 8388608                                   {product} {ergonomic}
    uintx NonNMethodCodeHeapSize                   = 5839372                                {pd product} {ergonomic}
    uintx NonProfiledCodeHeapSize                  = 122909434                              {pd product} {ergonomic}
    uintx ProfiledCodeHeapSize                     = 122909434                              {pd product} {ergonomic}
    uintx ReservedCodeCacheSize                    = 251658240                              {pd product} {ergonomic}
     bool SegmentedCodeCache                       = true                                      {product} {ergonomic}
   size_t SoftMaxHeapSize                          = 1862270976                             {manageable} {ergonomic}
     bool UseCompressedClassPointers               = true                                 {lp64_product} {ergonomic}
     bool UseCompressedOops                        = true                                 {lp64_product} {ergonomic}
     bool UseG1GC                                  = true                                      {product} {ergonomic}
     bool UseLargePagesIndividualAllocation        = false                                  {pd product} {ergonomic}

Logging:
Log output configuration:
 #0: stdout all=warning uptime,level,tags
 #1: stderr all=off uptime,level,tags

Environment Variables:
JAVA_HOME=C:\Program Files\Java\jdk-15.0.1
PATH=C:\PROGRA~1\PTC\UTILIT~1\MKSTOO~1\bin64;C:\PROGRA~1\PTC\UTILIT~1\MKSTOO~1\bin;C:\PROGRA~1\PTC\UTILIT~1\MKSTOO~1\bin\X11;C:\PROGRA~1\PTC\UTILIT~1\MKSTOO~1\mksnt;C:\Program Files\Common Files\Oracle\Java\javapath;C:\Program Files\Common Files\Oracle\Java\javapath\C:\Program Files\Java\C:\Program Files\Java\jdk-15.0.1\bin;C:\Windows\system32;C:\Windows;C:\Windows\System32\Wbem;C:\Windows\System32\WindowsPowerShell\v1.0\;C:\Windows\System32\OpenSSH\;C:\Users\lasch\AppData\Local\Microsoft\WindowsApps;
USERNAME=lasch
DISPLAY=:0.0
OS=Windows_NT
PROCESSOR_IDENTIFIER=AMD64 Family 23 Model 24 Stepping 1, AuthenticAMD



---------------  S Y S T E M  ---------------

OS:
 Windows 10 , 64 bit Build 18362 (10.0.18362.1350)
OS uptime: 61 days 18:08 hours

CPU: total 8 (initial active 8) (8 cores per cpu, 2 threads per core) family 23 model 24 stepping 1 microcode 0x0, cmov, cx8, fxsr, mmx, sse, sse2, sse3, ssse3, sse4.1, sse4.2, popcnt, vzeroupper, avx, avx2, aes, clmul, 3dnowpref, lzcnt, sse4a, ht, tsc, tscinvbit, tscinv, bmi1, bmi2, adx, sha, fma, clflush, clflushopt

Memory: 4k page, system-wide physical 7103M (317M free)
TotalPageFile size 28607M (AvailPageFile size 95M)
current process WorkingSet (physical memory assigned to process): 10M, peak: 10M
current process commit charge ("private bytes"): 60M, peak: 172M

vm_info: Java HotSpot(TM) 64-Bit Server VM (15.0.1+9-18) for windows-amd64 JRE (15.0.1+9-18), built on Sep 15 2020 14:43:54 by "mach5one" with unknown MS VC++:1925

END.
