#
# There is insufficient memory for the Java Runtime Environment to continue.
# Native memory allocation (malloc) failed to allocate 590416 bytes for Chunk::new
# Possible reasons:
#   The system is out of physical RAM or swap space
#   The process is running with CompressedOops enabled, and the Java Heap may be blocking the growth of the native heap
# Possible solutions:
#   Reduce memory load on the system
#   Increase physical memory or swap space
#   Check if swap backing store is full
#   Decrease Java heap size (-Xmx/-Xms)
#   Decrease number of Java threads
#   Decrease Java thread stack sizes (-Xss)
#   Set larger code cache with -XX:ReservedCodeCacheSize=
#   JVM is running with Unscaled Compressed Oops mode in which the Java heap is
#     placed in the first 4GB address space. The Java Heap base address is the
#     maximum limit for the native heap growth. Please use -XX:HeapBaseMinAddress
#     to set the Java Heap base and to place the Java Heap above 4GB virtual address.
# This output file may be truncated or incomplete.
#
#  Out of Memory Error (./open/src/hotspot/share/memory/arena.cpp:195), pid=12200, tid=41920
#
# JRE version: Java(TM) SE Runtime Environment (15.0.1+9) (build 15.0.1+9-18)
# Java VM: Java HotSpot(TM) 64-Bit Server VM (15.0.1+9-18, mixed mode, sharing, tiered, compressed oops, g1 gc, windows-amd64)
# No core dump will be written. Minidumps are not enabled by default on client versions of Windows
#

---------------  S U M M A R Y ------------

Command Line: --module-path=C:\Users\lasch\.m2\repository\org\openjfx\javafx-base\15.0.1\javafx-base-15.0.1-win.jar;C:\Users\lasch\.m2\repository\org\openjfx\javafx-base\15.0.1\javafx-base-15.0.1.jar;C:\Users\lasch\.m2\repository\org\openjfx\javafx-controls\15.0.1\javafx-controls-15.0.1-win.jar;C:\Users\lasch\.m2\repository\org\openjfx\javafx-controls\15.0.1\javafx-controls-15.0.1.jar;C:\Users\lasch\.m2\repository\org\openjfx\javafx-graphics\15.0.1\javafx-graphics-15.0.1-win.jar;C:\Users\lasch\.m2\repository\org\openjfx\javafx-graphics\15.0.1\javafx-graphics-15.0.1.jar --add-modules=javafx.base,javafx.controls,javafx.graphics fr.insa.cours.projetv2.gui.main

Host: AMD Ryzen 7 3700U with Radeon Vega Mobile Gfx  , 8 cores, 6G,  Windows 10 , 64 bit Build 18362 (10.0.18362.1350)
Time: Fri May 14 07:58:57 2021 Paris, Madrid (heure d?été) elapsed time: 1.486045 seconds (0d 0h 0m 1s)

---------------  T H R E A D  ---------------

Current thread (0x000001e67a28ad90):  JavaThread "C2 CompilerThread0" daemon [_thread_in_native, id=41920, stack(0x000000659eb00000,0x000000659ec00000)]


Current CompileTask:
C2:   1486 1284   !   4       java.util.zip.InflaterInputStream::read (138 bytes)

Stack: [0x000000659eb00000,0x000000659ec00000]
Native frames: (J=compiled Java code, j=interpreted, Vv=VM code, C=native code)
V  [jvm.dll+0x62ae9a]
V  [jvm.dll+0x781389]
V  [jvm.dll+0x782ae3]
V  [jvm.dll+0x783143]
V  [jvm.dll+0x216265]
V  [jvm.dll+0x97efa]
V  [jvm.dll+0x985dc]
V  [jvm.dll+0x32e4c8]
V  [jvm.dll+0x2f78aa]
V  [jvm.dll+0x2f6c6a]
V  [jvm.dll+0x1ea645]
V  [jvm.dll+0x1e98ae]
V  [jvm.dll+0x1784c7]
V  [jvm.dll+0x1f9165]
V  [jvm.dll+0x1f720c]
V  [jvm.dll+0x74485d]
V  [jvm.dll+0x73d65a]
V  [jvm.dll+0x629c56]
C  [ucrtbase.dll+0x210b2]
C  [KERNEL32.DLL+0x17c24]
C  [ntdll.dll+0x6d721]


---------------  P R O C E S S  ---------------

Threads class SMR info:
_java_thread_list=0x000001e67b5a4630, length=17, elements={
0x000001e65c0e9da0, 0x000001e67a2606d0, 0x000001e67a261b10, 0x000001e67a283e20,
0x000001e67a286bf0, 0x000001e67a288430, 0x000001e67a28ad90, 0x000001e67a28f4e0,
0x000001e67a292590, 0x000001e67acd0c60, 0x000001e67ad703a0, 0x000001e67b1c09e0,
0x000001e67b251f00, 0x000001e67b26a3f0, 0x000001e67b36ba50, 0x000001e67b2ce8f0,
0x000001e67b5b0450
}

Java Threads: ( => current thread )
  0x000001e65c0e9da0 JavaThread "main" [_thread_blocked, id=11260, stack(0x000000659df00000,0x000000659e000000)]
  0x000001e67a2606d0 JavaThread "Reference Handler" daemon [_thread_blocked, id=5996, stack(0x000000659e600000,0x000000659e700000)]
  0x000001e67a261b10 JavaThread "Finalizer" daemon [_thread_blocked, id=31872, stack(0x000000659e700000,0x000000659e800000)]
  0x000001e67a283e20 JavaThread "Signal Dispatcher" daemon [_thread_blocked, id=11212, stack(0x000000659e800000,0x000000659e900000)]
  0x000001e67a286bf0 JavaThread "Attach Listener" daemon [_thread_blocked, id=17852, stack(0x000000659e900000,0x000000659ea00000)]
  0x000001e67a288430 JavaThread "Service Thread" daemon [_thread_blocked, id=35740, stack(0x000000659ea00000,0x000000659eb00000)]
=>0x000001e67a28ad90 JavaThread "C2 CompilerThread0" daemon [_thread_in_native, id=41920, stack(0x000000659eb00000,0x000000659ec00000)]
  0x000001e67a28f4e0 JavaThread "C1 CompilerThread0" daemon [_thread_in_native, id=40740, stack(0x000000659ec00000,0x000000659ed00000)]
  0x000001e67a292590 JavaThread "Sweeper thread" daemon [_thread_blocked, id=39708, stack(0x000000659ed00000,0x000000659ee00000)]
  0x000001e67acd0c60 JavaThread "Common-Cleaner" daemon [_thread_blocked, id=34892, stack(0x000000659ee00000,0x000000659ef00000)]
  0x000001e67ad703a0 JavaThread "Notification Thread" daemon [_thread_blocked, id=22008, stack(0x000000659ef00000,0x000000659f000000)]
  0x000001e67b1c09e0 JavaThread "QuantumRenderer-0" daemon [_thread_blocked, id=38936, stack(0x000000659f100000,0x000000659f200000)]
  0x000001e67b251f00 JavaThread "InvokeLaterDispatcher" daemon [_thread_blocked, id=26412, stack(0x000000659f400000,0x000000659f500000)]
  0x000001e67b26a3f0 JavaThread "JavaFX Application Thread" [_thread_in_Java, id=32072, stack(0x000000659f500000,0x000000659f600000)]
  0x000001e67b36ba50 JavaThread "JavaFX-Launcher" [_thread_blocked, id=26024, stack(0x000000659f700000,0x000000659f800000)]
  0x000001e67b2ce8f0 JavaThread "Thread-2" daemon [_thread_in_native, id=18300, stack(0x000000659f600000,0x000000659f700000)]
  0x000001e67b5b0450 JavaThread "Prism Font Disposer" daemon [_thread_blocked, id=5312, stack(0x000000659ff00000,0x00000065a0000000)]

Other Threads:
  0x000001e67a25c1d0 VMThread "VM Thread" [stack: 0x000000659e500000,0x000000659e600000] [id=11816]
  0x000001e67ad70870 WatcherThread [stack: 0x000000659f000000,0x000000659f100000] [id=32080]
  0x000001e65c1293d0 GCTaskThread "GC Thread#0" [stack: 0x000000659e000000,0x000000659e100000] [id=7424]
  0x000001e67b34fb00 GCTaskThread "GC Thread#1" [stack: 0x000000659f800000,0x000000659f900000] [id=14448]
  0x000001e67b3517b0 GCTaskThread "GC Thread#2" [stack: 0x000000659f900000,0x000000659fa00000] [id=10548]
  0x000001e67b34fe30 GCTaskThread "GC Thread#3" [stack: 0x000000659fa00000,0x000000659fb00000] [id=5924]
  0x000001e67b350af0 GCTaskThread "GC Thread#4" [stack: 0x000000659fc00000,0x000000659fd00000] [id=27640]
  0x000001e67b350490 GCTaskThread "GC Thread#5" [stack: 0x000000659fd00000,0x000000659fe00000] [id=34520]
  0x000001e65c139400 ConcurrentGCThread "G1 Main Marker" [stack: 0x000000659e100000,0x000000659e200000] [id=25004]
  0x000001e65c13a790 ConcurrentGCThread "G1 Conc#0" [stack: 0x000000659e200000,0x000000659e300000] [id=18692]
  0x000001e65c1a1b20 ConcurrentGCThread "G1 Refine#0" [stack: 0x000000659e300000,0x000000659e400000] [id=44848]
  0x000001e65c1a2720 ConcurrentGCThread "G1 Young RemSet Sampling" [stack: 0x000000659e400000,0x000000659e500000] [id=44268]

Threads with active compile tasks:
C2 CompilerThread0     1533 1284   !   4       java.util.zip.InflaterInputStream::read (138 bytes)
C1 CompilerThread0     1533 1321   !   3       java.lang.invoke.BootstrapMethodInvoker::invoke (688 bytes)

VM state: not at safepoint (normal execution)

VM Mutex/Monitor currently owned by a thread: None

Heap address: 0x0000000091000000, size: 1776 MB, Compressed Oops mode: 32-bit
CDS archive(s) mapped at: [0x0000000800000000-0x0000000800b50000-0x0000000800b50000), size 11862016, SharedBaseAddress: 0x0000000800000000, ArchiveRelocationMode: 0.
Compressed class space mapped at: 0x0000000800b50000-0x0000000840b50000, size: 1073741824
Narrow klass base: 0x0000000800000000, Narrow klass shift: 3, Narrow klass range: 0x100000000

GC Precious Log:
 CPUs: 8 total, 8 available
 Memory: 7103M
 Large Page Support: Disabled
 NUMA Support: Disabled
 Compressed Oops: Enabled (32-bit)
 Heap Region Size: 1M
 Heap Min Capacity: 8M
 Heap Initial Capacity: 112M
 Heap Max Capacity: 1776M
 Pre-touch: Disabled
 Parallel Workers: 8
 Concurrent Workers: 2
 Concurrent Refinement Workers: 8
 Periodic GC: Disabled

Heap:
 garbage-first heap   total 114688K, used 23786K [0x0000000091000000, 0x0000000100000000)
  region size 1024K, 25 young (25600K), 3 survivors (3072K)
 Metaspace       used 11084K, capacity 13210K, committed 13568K, reserved 1064960K
  class space    used 1696K, capacity 1927K, committed 2048K, reserved 1048576K

Heap Regions: E=young(eden), S=young(survivor), O=old, HS=humongous(starts), HC=humongous(continues), CS=collection set, F=free, OA=open archive, CA=closed archive, TAMS=top-at-mark-start (previous, next)
|   0|0x0000000091000000, 0x0000000091000000, 0x0000000091100000|  0%| F|  |TAMS 0x0000000091000000, 0x0000000091000000| Untracked 
|   1|0x0000000091100000, 0x0000000091100000, 0x0000000091200000|  0%| F|  |TAMS 0x0000000091100000, 0x0000000091100000| Untracked 
|   2|0x0000000091200000, 0x0000000091200000, 0x0000000091300000|  0%| F|  |TAMS 0x0000000091200000, 0x0000000091200000| Untracked 
|   3|0x0000000091300000, 0x0000000091300000, 0x0000000091400000|  0%| F|  |TAMS 0x0000000091300000, 0x0000000091300000| Untracked 
|   4|0x0000000091400000, 0x0000000091400000, 0x0000000091500000|  0%| F|  |TAMS 0x0000000091400000, 0x0000000091400000| Untracked 
|   5|0x0000000091500000, 0x0000000091500000, 0x0000000091600000|  0%| F|  |TAMS 0x0000000091500000, 0x0000000091500000| Untracked 
|   6|0x0000000091600000, 0x0000000091600000, 0x0000000091700000|  0%| F|  |TAMS 0x0000000091600000, 0x0000000091600000| Untracked 
|   7|0x0000000091700000, 0x0000000091700000, 0x0000000091800000|  0%| F|  |TAMS 0x0000000091700000, 0x0000000091700000| Untracked 
|   8|0x0000000091800000, 0x0000000091800000, 0x0000000091900000|  0%| F|  |TAMS 0x0000000091800000, 0x0000000091800000| Untracked 
|   9|0x0000000091900000, 0x0000000091900000, 0x0000000091a00000|  0%| F|  |TAMS 0x0000000091900000, 0x0000000091900000| Untracked 
|  10|0x0000000091a00000, 0x0000000091a00000, 0x0000000091b00000|  0%| F|  |TAMS 0x0000000091a00000, 0x0000000091a00000| Untracked 
|  11|0x0000000091b00000, 0x0000000091b00000, 0x0000000091c00000|  0%| F|  |TAMS 0x0000000091b00000, 0x0000000091b00000| Untracked 
|  12|0x0000000091c00000, 0x0000000091c00000, 0x0000000091d00000|  0%| F|  |TAMS 0x0000000091c00000, 0x0000000091c00000| Untracked 
|  13|0x0000000091d00000, 0x0000000091d00000, 0x0000000091e00000|  0%| F|  |TAMS 0x0000000091d00000, 0x0000000091d00000| Untracked 
|  14|0x0000000091e00000, 0x0000000091e00000, 0x0000000091f00000|  0%| F|  |TAMS 0x0000000091e00000, 0x0000000091e00000| Untracked 
|  15|0x0000000091f00000, 0x0000000091f00000, 0x0000000092000000|  0%| F|  |TAMS 0x0000000091f00000, 0x0000000091f00000| Untracked 
|  16|0x0000000092000000, 0x0000000092000000, 0x0000000092100000|  0%| F|  |TAMS 0x0000000092000000, 0x0000000092000000| Untracked 
|  17|0x0000000092100000, 0x0000000092100000, 0x0000000092200000|  0%| F|  |TAMS 0x0000000092100000, 0x0000000092100000| Untracked 
|  18|0x0000000092200000, 0x0000000092200000, 0x0000000092300000|  0%| F|  |TAMS 0x0000000092200000, 0x0000000092200000| Untracked 
|  19|0x0000000092300000, 0x0000000092300000, 0x0000000092400000|  0%| F|  |TAMS 0x0000000092300000, 0x0000000092300000| Untracked 
|  20|0x0000000092400000, 0x0000000092400000, 0x0000000092500000|  0%| F|  |TAMS 0x0000000092400000, 0x0000000092400000| Untracked 
|  21|0x0000000092500000, 0x0000000092500000, 0x0000000092600000|  0%| F|  |TAMS 0x0000000092500000, 0x0000000092500000| Untracked 
|  22|0x0000000092600000, 0x0000000092600000, 0x0000000092700000|  0%| F|  |TAMS 0x0000000092600000, 0x0000000092600000| Untracked 
|  23|0x0000000092700000, 0x0000000092700000, 0x0000000092800000|  0%| F|  |TAMS 0x0000000092700000, 0x0000000092700000| Untracked 
|  24|0x0000000092800000, 0x0000000092800000, 0x0000000092900000|  0%| F|  |TAMS 0x0000000092800000, 0x0000000092800000| Untracked 
|  25|0x0000000092900000, 0x0000000092900000, 0x0000000092a00000|  0%| F|  |TAMS 0x0000000092900000, 0x0000000092900000| Untracked 
|  26|0x0000000092a00000, 0x0000000092a00000, 0x0000000092b00000|  0%| F|  |TAMS 0x0000000092a00000, 0x0000000092a00000| Untracked 
|  27|0x0000000092b00000, 0x0000000092b00000, 0x0000000092c00000|  0%| F|  |TAMS 0x0000000092b00000, 0x0000000092b00000| Untracked 
|  28|0x0000000092c00000, 0x0000000092c00000, 0x0000000092d00000|  0%| F|  |TAMS 0x0000000092c00000, 0x0000000092c00000| Untracked 
|  29|0x0000000092d00000, 0x0000000092d00000, 0x0000000092e00000|  0%| F|  |TAMS 0x0000000092d00000, 0x0000000092d00000| Untracked 
|  30|0x0000000092e00000, 0x0000000092e00000, 0x0000000092f00000|  0%| F|  |TAMS 0x0000000092e00000, 0x0000000092e00000| Untracked 
|  31|0x0000000092f00000, 0x0000000092f00000, 0x0000000093000000|  0%| F|  |TAMS 0x0000000092f00000, 0x0000000092f00000| Untracked 
|  32|0x0000000093000000, 0x0000000093000000, 0x0000000093100000|  0%| F|  |TAMS 0x0000000093000000, 0x0000000093000000| Untracked 
|  33|0x0000000093100000, 0x0000000093100000, 0x0000000093200000|  0%| F|  |TAMS 0x0000000093100000, 0x0000000093100000| Untracked 
|  34|0x0000000093200000, 0x0000000093200000, 0x0000000093300000|  0%| F|  |TAMS 0x0000000093200000, 0x0000000093200000| Untracked 
|  35|0x0000000093300000, 0x0000000093300000, 0x0000000093400000|  0%| F|  |TAMS 0x0000000093300000, 0x0000000093300000| Untracked 
|  36|0x0000000093400000, 0x0000000093400000, 0x0000000093500000|  0%| F|  |TAMS 0x0000000093400000, 0x0000000093400000| Untracked 
|  37|0x0000000093500000, 0x0000000093500000, 0x0000000093600000|  0%| F|  |TAMS 0x0000000093500000, 0x0000000093500000| Untracked 
|  38|0x0000000093600000, 0x0000000093600000, 0x0000000093700000|  0%| F|  |TAMS 0x0000000093600000, 0x0000000093600000| Untracked 
|  39|0x0000000093700000, 0x0000000093700000, 0x0000000093800000|  0%| F|  |TAMS 0x0000000093700000, 0x0000000093700000| Untracked 
|  40|0x0000000093800000, 0x0000000093800000, 0x0000000093900000|  0%| F|  |TAMS 0x0000000093800000, 0x0000000093800000| Untracked 
|  41|0x0000000093900000, 0x0000000093900000, 0x0000000093a00000|  0%| F|  |TAMS 0x0000000093900000, 0x0000000093900000| Untracked 
|  42|0x0000000093a00000, 0x0000000093a00000, 0x0000000093b00000|  0%| F|  |TAMS 0x0000000093a00000, 0x0000000093a00000| Untracked 
|  43|0x0000000093b00000, 0x0000000093b00000, 0x0000000093c00000|  0%| F|  |TAMS 0x0000000093b00000, 0x0000000093b00000| Untracked 
|  44|0x0000000093c00000, 0x0000000093c00000, 0x0000000093d00000|  0%| F|  |TAMS 0x0000000093c00000, 0x0000000093c00000| Untracked 
|  45|0x0000000093d00000, 0x0000000093d00000, 0x0000000093e00000|  0%| F|  |TAMS 0x0000000093d00000, 0x0000000093d00000| Untracked 
|  46|0x0000000093e00000, 0x0000000093e00000, 0x0000000093f00000|  0%| F|  |TAMS 0x0000000093e00000, 0x0000000093e00000| Untracked 
|  47|0x0000000093f00000, 0x0000000093f00000, 0x0000000094000000|  0%| F|  |TAMS 0x0000000093f00000, 0x0000000093f00000| Untracked 
|  48|0x0000000094000000, 0x0000000094000000, 0x0000000094100000|  0%| F|  |TAMS 0x0000000094000000, 0x0000000094000000| Untracked 
|  49|0x0000000094100000, 0x0000000094100000, 0x0000000094200000|  0%| F|  |TAMS 0x0000000094100000, 0x0000000094100000| Untracked 
|  50|0x0000000094200000, 0x0000000094200000, 0x0000000094300000|  0%| F|  |TAMS 0x0000000094200000, 0x0000000094200000| Untracked 
|  51|0x0000000094300000, 0x0000000094300000, 0x0000000094400000|  0%| F|  |TAMS 0x0000000094300000, 0x0000000094300000| Untracked 
|  52|0x0000000094400000, 0x0000000094400000, 0x0000000094500000|  0%| F|  |TAMS 0x0000000094400000, 0x0000000094400000| Untracked 
|  53|0x0000000094500000, 0x0000000094500000, 0x0000000094600000|  0%| F|  |TAMS 0x0000000094500000, 0x0000000094500000| Untracked 
|  54|0x0000000094600000, 0x0000000094600000, 0x0000000094700000|  0%| F|  |TAMS 0x0000000094600000, 0x0000000094600000| Untracked 
|  55|0x0000000094700000, 0x0000000094700000, 0x0000000094800000|  0%| F|  |TAMS 0x0000000094700000, 0x0000000094700000| Untracked 
|  56|0x0000000094800000, 0x0000000094800000, 0x0000000094900000|  0%| F|  |TAMS 0x0000000094800000, 0x0000000094800000| Untracked 
|  57|0x0000000094900000, 0x0000000094900000, 0x0000000094a00000|  0%| F|  |TAMS 0x0000000094900000, 0x0000000094900000| Untracked 
|  58|0x0000000094a00000, 0x0000000094a00000, 0x0000000094b00000|  0%| F|  |TAMS 0x0000000094a00000, 0x0000000094a00000| Untracked 
|  59|0x0000000094b00000, 0x0000000094b00000, 0x0000000094c00000|  0%| F|  |TAMS 0x0000000094b00000, 0x0000000094b00000| Untracked 
|  60|0x0000000094c00000, 0x0000000094c00000, 0x0000000094d00000|  0%| F|  |TAMS 0x0000000094c00000, 0x0000000094c00000| Untracked 
|  61|0x0000000094d00000, 0x0000000094d00000, 0x0000000094e00000|  0%| F|  |TAMS 0x0000000094d00000, 0x0000000094d00000| Untracked 
|  62|0x0000000094e00000, 0x0000000094e00000, 0x0000000094f00000|  0%| F|  |TAMS 0x0000000094e00000, 0x0000000094e00000| Untracked 
|  63|0x0000000094f00000, 0x0000000094f00000, 0x0000000095000000|  0%| F|  |TAMS 0x0000000094f00000, 0x0000000094f00000| Untracked 
|  64|0x0000000095000000, 0x0000000095000000, 0x0000000095100000|  0%| F|  |TAMS 0x0000000095000000, 0x0000000095000000| Untracked 
|  65|0x0000000095100000, 0x0000000095100000, 0x0000000095200000|  0%| F|  |TAMS 0x0000000095100000, 0x0000000095100000| Untracked 
|  66|0x0000000095200000, 0x0000000095200000, 0x0000000095300000|  0%| F|  |TAMS 0x0000000095200000, 0x0000000095200000| Untracked 
|  67|0x0000000095300000, 0x0000000095300000, 0x0000000095400000|  0%| F|  |TAMS 0x0000000095300000, 0x0000000095300000| Untracked 
|  68|0x0000000095400000, 0x0000000095400000, 0x0000000095500000|  0%| F|  |TAMS 0x0000000095400000, 0x0000000095400000| Untracked 
|  69|0x0000000095500000, 0x0000000095500000, 0x0000000095600000|  0%| F|  |TAMS 0x0000000095500000, 0x0000000095500000| Untracked 
|  70|0x0000000095600000, 0x0000000095600000, 0x0000000095700000|  0%| F|  |TAMS 0x0000000095600000, 0x0000000095600000| Untracked 
|  71|0x0000000095700000, 0x0000000095700000, 0x0000000095800000|  0%| F|  |TAMS 0x0000000095700000, 0x0000000095700000| Untracked 
|  72|0x0000000095800000, 0x0000000095800000, 0x0000000095900000|  0%| F|  |TAMS 0x0000000095800000, 0x0000000095800000| Untracked 
|  73|0x0000000095900000, 0x0000000095900000, 0x0000000095a00000|  0%| F|  |TAMS 0x0000000095900000, 0x0000000095900000| Untracked 
|  74|0x0000000095a00000, 0x0000000095a00000, 0x0000000095b00000|  0%| F|  |TAMS 0x0000000095a00000, 0x0000000095a00000| Untracked 
|  75|0x0000000095b00000, 0x0000000095b00000, 0x0000000095c00000|  0%| F|  |TAMS 0x0000000095b00000, 0x0000000095b00000| Untracked 
|  76|0x0000000095c00000, 0x0000000095c00000, 0x0000000095d00000|  0%| F|  |TAMS 0x0000000095c00000, 0x0000000095c00000| Untracked 
|  77|0x0000000095d00000, 0x0000000095d00000, 0x0000000095e00000|  0%| F|  |TAMS 0x0000000095d00000, 0x0000000095d00000| Untracked 
|  78|0x0000000095e00000, 0x0000000095e00000, 0x0000000095f00000|  0%| F|  |TAMS 0x0000000095e00000, 0x0000000095e00000| Untracked 
|  79|0x0000000095f00000, 0x0000000095f00000, 0x0000000096000000|  0%| F|  |TAMS 0x0000000095f00000, 0x0000000095f00000| Untracked 
|  80|0x0000000096000000, 0x0000000096000000, 0x0000000096100000|  0%| F|  |TAMS 0x0000000096000000, 0x0000000096000000| Untracked 
|  81|0x0000000096100000, 0x0000000096100000, 0x0000000096200000|  0%| F|  |TAMS 0x0000000096100000, 0x0000000096100000| Untracked 
|  82|0x0000000096200000, 0x0000000096200000, 0x0000000096300000|  0%| F|  |TAMS 0x0000000096200000, 0x0000000096200000| Untracked 
|  83|0x0000000096300000, 0x0000000096300000, 0x0000000096400000|  0%| F|  |TAMS 0x0000000096300000, 0x0000000096300000| Untracked 
|  84|0x0000000096400000, 0x0000000096400000, 0x0000000096500000|  0%| F|  |TAMS 0x0000000096400000, 0x0000000096400000| Untracked 
|  85|0x0000000096500000, 0x0000000096500000, 0x0000000096600000|  0%| F|  |TAMS 0x0000000096500000, 0x0000000096500000| Untracked 
|  86|0x0000000096600000, 0x000000009663aaa8, 0x0000000096700000| 22%| S|CS|TAMS 0x0000000096600000, 0x0000000096600000| Complete 
|  87|0x0000000096700000, 0x0000000096800000, 0x0000000096800000|100%| S|CS|TAMS 0x0000000096700000, 0x0000000096700000| Complete 
|  88|0x0000000096800000, 0x0000000096900000, 0x0000000096900000|100%| S|CS|TAMS 0x0000000096800000, 0x0000000096800000| Complete 
|  89|0x0000000096900000, 0x0000000096900000, 0x0000000096a00000|  0%| F|  |TAMS 0x0000000096900000, 0x0000000096900000| Untracked 
|  90|0x0000000096a00000, 0x0000000096a72270, 0x0000000096b00000| 44%| E|  |TAMS 0x0000000096a00000, 0x0000000096a00000| Complete 
|  91|0x0000000096b00000, 0x0000000096c00000, 0x0000000096c00000|100%| E|CS|TAMS 0x0000000096b00000, 0x0000000096b00000| Complete 
|  92|0x0000000096c00000, 0x0000000096d00000, 0x0000000096d00000|100%| E|CS|TAMS 0x0000000096c00000, 0x0000000096c00000| Complete 
|  93|0x0000000096d00000, 0x0000000096e00000, 0x0000000096e00000|100%| E|CS|TAMS 0x0000000096d00000, 0x0000000096d00000| Complete 
|  94|0x0000000096e00000, 0x0000000096f00000, 0x0000000096f00000|100%| E|CS|TAMS 0x0000000096e00000, 0x0000000096e00000| Complete 
|  95|0x0000000096f00000, 0x0000000097000000, 0x0000000097000000|100%| E|CS|TAMS 0x0000000096f00000, 0x0000000096f00000| Complete 
|  96|0x0000000097000000, 0x0000000097100000, 0x0000000097100000|100%| E|CS|TAMS 0x0000000097000000, 0x0000000097000000| Complete 
|  97|0x0000000097100000, 0x0000000097200000, 0x0000000097200000|100%| E|CS|TAMS 0x0000000097100000, 0x0000000097100000| Complete 
|  98|0x0000000097200000, 0x0000000097300000, 0x0000000097300000|100%| E|CS|TAMS 0x0000000097200000, 0x0000000097200000| Complete 
|  99|0x0000000097300000, 0x0000000097400000, 0x0000000097400000|100%| E|CS|TAMS 0x0000000097300000, 0x0000000097300000| Complete 
| 100|0x0000000097400000, 0x0000000097500000, 0x0000000097500000|100%| E|CS|TAMS 0x0000000097400000, 0x0000000097400000| Complete 
| 101|0x0000000097500000, 0x0000000097600000, 0x0000000097600000|100%| E|CS|TAMS 0x0000000097500000, 0x0000000097500000| Complete 
| 102|0x0000000097600000, 0x0000000097700000, 0x0000000097700000|100%| E|CS|TAMS 0x0000000097600000, 0x0000000097600000| Complete 
| 103|0x0000000097700000, 0x0000000097800000, 0x0000000097800000|100%| E|CS|TAMS 0x0000000097700000, 0x0000000097700000| Complete 
| 104|0x0000000097800000, 0x0000000097900000, 0x0000000097900000|100%| E|CS|TAMS 0x0000000097800000, 0x0000000097800000| Complete 
| 105|0x0000000097900000, 0x0000000097a00000, 0x0000000097a00000|100%| E|CS|TAMS 0x0000000097900000, 0x0000000097900000| Complete 
| 106|0x0000000097a00000, 0x0000000097b00000, 0x0000000097b00000|100%| E|CS|TAMS 0x0000000097a00000, 0x0000000097a00000| Complete 
| 107|0x0000000097b00000, 0x0000000097c00000, 0x0000000097c00000|100%| E|CS|TAMS 0x0000000097b00000, 0x0000000097b00000| Complete 
| 108|0x0000000097c00000, 0x0000000097d00000, 0x0000000097d00000|100%| E|CS|TAMS 0x0000000097c00000, 0x0000000097c00000| Complete 
| 109|0x0000000097d00000, 0x0000000097e00000, 0x0000000097e00000|100%| E|CS|TAMS 0x0000000097d00000, 0x0000000097d00000| Complete 
| 110|0x0000000097e00000, 0x0000000097f00000, 0x0000000097f00000|100%| E|CS|TAMS 0x0000000097e00000, 0x0000000097e00000| Complete 
| 111|0x0000000097f00000, 0x0000000098000000, 0x0000000098000000|100%| E|CS|TAMS 0x0000000097f00000, 0x0000000097f00000| Complete 

Card table byte_map: [0x000001e6739c0000,0x000001e673d40000] _byte_map_base: 0x000001e673538000

Marking Bits (Prev, Next): (CMBitMap*) 0x000001e65c12abd0, (CMBitMap*) 0x000001e65c12ac10
 Prev Bits: [0x000001e6740c0000, 0x000001e675c80000)
 Next Bits: [0x000001e675c80000, 0x000001e677840000)

Polling page: 0x000001e659e50000

Metaspace:

Usage:
  Non-class:     11.02 MB capacity,     9.18 MB ( 83%) used,     1.82 MB ( 17%) free+waste,    15.56 KB ( <1%) overhead. 
      Class:      1.88 MB capacity,     1.66 MB ( 88%) used,   223.64 KB ( 12%) free+waste,     7.13 KB ( <1%) overhead. 
       Both:     12.90 MB capacity,    10.84 MB ( 84%) used,     2.04 MB ( 16%) free+waste,    22.69 KB ( <1%) overhead. 

Virtual space:
  Non-class space:       16.00 MB reserved,      11.25 MB ( 70%) committed 
      Class space:        1.00 GB reserved,       2.00 MB ( <1%) committed 
             Both:        1.02 GB reserved,      13.25 MB (  1%) committed 

Chunk freelists:
   Non-Class:  45.00 KB
       Class:  25.00 KB
        Both:  70.00 KB

MaxMetaspaceSize: 17179869184.00 GB
CompressedClassSpaceSize: 1.00 GB

CodeHeap 'non-profiled nmethods': size=120000Kb used=417Kb max_used=417Kb free=119583Kb
 bounds [0x000001e66bde0000, 0x000001e66c050000, 0x000001e673310000]
CodeHeap 'profiled nmethods': size=120000Kb used=2217Kb max_used=2217Kb free=117783Kb
 bounds [0x000001e6648b0000, 0x000001e664b20000, 0x000001e66bde0000]
CodeHeap 'non-nmethods': size=5760Kb used=1337Kb max_used=1339Kb free=4423Kb
 bounds [0x000001e664310000, 0x000001e664580000, 0x000001e6648b0000]
 total_blobs=1952 nmethods=1315 adapters=550
 compilation: enabled
              stopped_count=0, restarted_count=0
 full_count=0

Compilation events (20 events):
Event: 1.472 Thread 0x000001e67a28f4e0 1302       1       javafx.css.CssMetaData::getSubProperties (5 bytes)
Event: 1.472 Thread 0x000001e67a28f4e0 nmethod 1302 0x000001e66be47810 code [0x000001e66be479a0, 0x000001e66be47a58]
Event: 1.472 Thread 0x000001e67a28f4e0 1303       3       com.sun.javafx.css.StyleMap::isEmpty (36 bytes)
Event: 1.473 Thread 0x000001e67a28f4e0 nmethod 1303 0x000001e664acf410 code [0x000001e664acf5c0, 0x000001e664acf8f8]
Event: 1.473 Thread 0x000001e67a28f4e0 1304       3       com.sun.javafx.css.StyleMap$$Lambda$164/0x0000000800c99f68::compare (12 bytes)
Event: 1.473 Thread 0x000001e67a28f4e0 nmethod 1304 0x000001e664acfa10 code [0x000001e664acfbc0, 0x000001e664acfee8]
Event: 1.473 Thread 0x000001e67a28f4e0 1305       3       com.sun.javafx.css.StyleMap::lambda$static$0 (31 bytes)
Event: 1.473 Thread 0x000001e67a28f4e0 nmethod 1305 0x000001e664ad0010 code [0x000001e664ad01e0, 0x000001e664ad0518]
Event: 1.473 Thread 0x000001e67a28f4e0 1307       3       com.sun.javafx.css.StyleMap::getCascadingStyles (384 bytes)
Event: 1.476 Thread 0x000001e67a28f4e0 nmethod 1307 0x000001e664ad0710 code [0x000001e664ad0be0, 0x000001e664ad3648]
Event: 1.476 Thread 0x000001e67a28f4e0 1306       3       javafx.scene.CssStyleHelper::getStyle (162 bytes)
Event: 1.477 Thread 0x000001e67a28f4e0 nmethod 1306 0x000001e664ad4690 code [0x000001e664ad4900, 0x000001e664ad55f8]
Event: 1.477 Thread 0x000001e67a28f4e0 1308       3       javafx.beans.property.ObjectPropertyBase::isBound (13 bytes)
Event: 1.478 Thread 0x000001e67a28f4e0 nmethod 1308 0x000001e664ad5a10 code [0x000001e664ad5ba0, 0x000001e664ad5cf8]
Event: 1.478 Thread 0x000001e67a28f4e0 1309       3       java.lang.invoke.DirectMethodHandle::make (21 bytes)
Event: 1.479 Thread 0x000001e67a28f4e0 nmethod 1309 0x000001e664ad5d90 code [0x000001e664ad5f60, 0x000001e664ad6298]
Event: 1.479 Thread 0x000001e67a28f4e0 1310       3       java.lang.invoke.BootstrapMethodInvoker::maybeReBoxElements (24 bytes)
Event: 1.479 Thread 0x000001e67a28f4e0 nmethod 1310 0x000001e664ad6410 code [0x000001e664ad65e0, 0x000001e664ad6c68]
Event: 1.481 Thread 0x000001e67a28f4e0 1311       3       com.sun.javafx.binding.ExpressionHelperBase::<init> (5 bytes)
Event: 1.481 Thread 0x000001e67a28f4e0 nmethod 1311 0x000001e664ad6e10 code [0x000001e664ad6fa0, 0x000001e664ad70f8]

GC Heap History (2 events):
Event: 0.968 GC heap before
{Heap before GC invocations=0 (full 0):
 garbage-first heap   total 114688K, used 22528K [0x0000000091000000, 0x0000000100000000)
  region size 1024K, 23 young (23552K), 0 survivors (0K)
 Metaspace       used 5686K, capacity 8374K, committed 8448K, reserved 1056768K
  class space    used 766K, capacity 1020K, committed 1024K, reserved 1048576K
}
Event: 0.972 GC heap after
{Heap after GC invocations=1 (full 0):
 garbage-first heap   total 114688K, used 2282K [0x0000000091000000, 0x0000000100000000)
  region size 1024K, 3 young (3072K), 3 survivors (3072K)
 Metaspace       used 5686K, capacity 8374K, committed 8448K, reserved 1056768K
  class space    used 766K, capacity 1020K, committed 1024K, reserved 1048576K
}

Deoptimization events (20 events):
Event: 1.216 Thread 0x000001e67b26a3f0 Uncommon trap: trap_request=0xffffff45 fr.pc=0x000001e66bdecfb4 relative=0x0000000000000034
Event: 1.216 Thread 0x000001e67b26a3f0 Uncommon trap: reason=unstable_if action=reinterpret pc=0x000001e66bdecfb4 method=java.lang.StringLatin1.canEncode(I)Z @ 4 c2
Event: 1.216 Thread 0x000001e67b26a3f0 DEOPT PACKING pc=0x000001e66bdecfb4 sp=0x000000659f5fbdd0
Event: 1.216 Thread 0x000001e67b26a3f0 DEOPT UNPACKING pc=0x000001e66435e42f sp=0x000000659f5fbd60 mode 2
Event: 1.330 Thread 0x000001e67b26a3f0 Uncommon trap: trap_request=0xffffffde fr.pc=0x000001e66bdfefb4 relative=0x0000000000000194
Event: 1.330 Thread 0x000001e67b26a3f0 Uncommon trap: reason=class_check action=maybe_recompile pc=0x000001e66bdfefb4 method=java.lang.String.equals(Ljava/lang/Object;)Z @ 8 c2
Event: 1.330 Thread 0x000001e67b26a3f0 DEOPT PACKING pc=0x000001e66bdfefb4 sp=0x000000659f5fd960
Event: 1.330 Thread 0x000001e67b26a3f0 DEOPT UNPACKING pc=0x000001e66435e42f sp=0x000000659f5fd908 mode 2
Event: 1.330 Thread 0x000001e67b26a3f0 Uncommon trap: trap_request=0xffffffde fr.pc=0x000001e66bdfefb4 relative=0x0000000000000194
Event: 1.330 Thread 0x000001e67b26a3f0 Uncommon trap: reason=class_check action=maybe_recompile pc=0x000001e66bdfefb4 method=java.lang.String.equals(Ljava/lang/Object;)Z @ 8 c2
Event: 1.330 Thread 0x000001e67b26a3f0 DEOPT PACKING pc=0x000001e66bdfefb4 sp=0x000000659f5fd870
Event: 1.330 Thread 0x000001e67b26a3f0 DEOPT UNPACKING pc=0x000001e66435e42f sp=0x000000659f5fd818 mode 2
Event: 1.330 Thread 0x000001e67b26a3f0 Uncommon trap: trap_request=0xffffffde fr.pc=0x000001e66bdfefb4 relative=0x0000000000000194
Event: 1.330 Thread 0x000001e67b26a3f0 Uncommon trap: reason=class_check action=maybe_recompile pc=0x000001e66bdfefb4 method=java.lang.String.equals(Ljava/lang/Object;)Z @ 8 c2
Event: 1.330 Thread 0x000001e67b26a3f0 DEOPT PACKING pc=0x000001e66bdfefb4 sp=0x000000659f5fd870
Event: 1.330 Thread 0x000001e67b26a3f0 DEOPT UNPACKING pc=0x000001e66435e42f sp=0x000000659f5fd818 mode 2
Event: 1.332 Thread 0x000001e67b26a3f0 Uncommon trap: trap_request=0xffffffde fr.pc=0x000001e66bdfefb4 relative=0x0000000000000194
Event: 1.332 Thread 0x000001e67b26a3f0 Uncommon trap: reason=class_check action=maybe_recompile pc=0x000001e66bdfefb4 method=java.lang.String.equals(Ljava/lang/Object;)Z @ 8 c2
Event: 1.332 Thread 0x000001e67b26a3f0 DEOPT PACKING pc=0x000001e66bdfefb4 sp=0x000000659f5fd680
Event: 1.332 Thread 0x000001e67b26a3f0 DEOPT UNPACKING pc=0x000001e66435e42f sp=0x000000659f5fd628 mode 2

Classes unloaded (0 events):
No events

Classes redefined (0 events):
No events

Internal exceptions (20 events):
Event: 0.291 Thread 0x000001e65c0e9da0 Exception <a 'java/lang/NoSuchMethodError'{0x0000000097749470}: 'void java.lang.invoke.DirectMethodHandle$Holder.invokeStaticInit(java.lang.Object, java.lang.Object)'> (0x0000000097749470) 
thrown [./open/src/hotspot/share/interpreter/linkResolver.cpp, line 782]
Event: 0.567 Thread 0x000001e65c0e9da0 Exception <a 'java/lang/NoSuchMethodError'{0x00000000973168b8}: 'void java.lang.invoke.DirectMethodHandle$Holder.invokeSpecial(java.lang.Object, java.lang.Object, java.lang.Object)'> (0x00000000973168b8) 
thrown [./open/src/hotspot/share/interpreter/linkResolver.cpp, line 782]
Event: 0.578 Thread 0x000001e65c0e9da0 Exception <a 'java/lang/NoSuchMethodError'{0x0000000097350e60}: 'void java.lang.invoke.DirectMethodHandle$Holder.invokeStatic(java.lang.Object, java.lang.Object, java.lang.Object)'> (0x0000000097350e60) 
thrown [./open/src/hotspot/share/interpreter/linkResolver.cpp, line 782]
Event: 0.657 Thread 0x000001e65c0e9da0 Exception <a 'java/lang/NoSuchMethodError'{0x000000009736d628}: 'int java.lang.invoke.DirectMethodHandle$Holder.invokeStaticInit(java.lang.Object, java.lang.Object, java.lang.Object)'> (0x000000009736d628) 
thrown [./open/src/hotspot/share/interpreter/linkResolver.cpp, line 782]
Event: 0.683 Thread 0x000001e65c0e9da0 Exception <a 'java/lang/NoSuchMethodError'{0x00000000972a1940}: 'java.lang.Object java.lang.invoke.DirectMethodHandle$Holder.newInvokeSpecial(java.lang.Object, java.lang.Object, int, java.lang.Object)'> (0x00000000972a1940) 
thrown [./open/src/hotspot/share/interpreter/linkResolver.cpp, line 782]
Event: 0.684 Thread 0x000001e65c0e9da0 Exception <a 'java/lang/NoSuchMethodError'{0x00000000972a5e28}: 'java.lang.Object java.lang.invoke.DirectMethodHandle$Holder.invokeSpecial(java.lang.Object, java.lang.Object, java.lang.Object, int, java.lang.Object)'> (0x00000000972a5e28) 
thrown [./open/src/hotspot/share/interpreter/linkResolver.cpp, line 782]
Event: 0.803 Thread 0x000001e67b26a3f0 Exception <a 'java/lang/NoSuchMethodError'{0x000000009701a0b8}: 'void java.lang.invoke.DirectMethodHandle$Holder.invokeStaticInit(java.lang.Object)'> (0x000000009701a0b8) 
thrown [./open/src/hotspot/share/interpreter/linkResolver.cpp, line 782]
Event: 0.807 Thread 0x000001e65c0e9da0 Exception <a 'java/lang/NoSuchMethodError'{0x00000000972bc0c0}: 'java.lang.Object java.lang.invoke.DirectMethodHandle$Holder.newInvokeSpecial(java.lang.Object, java.lang.Object, java.lang.Object, java.lang.Object, java.lang.Object, java.lang.Object)'> (0x00000000972bc0c0) 
thrown [./open/src/hotspot/share/interpreter/linkResolver.cpp, line 782]
Event: 0.824 Thread 0x000001e65c0e9da0 Exception <a 'java/lang/NoSuchMethodError'{0x00000000972e8d48}: 'java.lang.Object java.lang.invoke.DirectMethodHandle$Holder.newInvokeSpecial(java.lang.Object, java.lang.Object, java.lang.Object, java.lang.Object, java.lang.Object)'> (0x00000000972e8d48) 
thrown [./open/src/hotspot/share/interpreter/linkResolver.cpp, line 782]
Event: 0.826 Thread 0x000001e67b36ba50 Exception <a 'java/lang/NoSuchMethodError'{0x0000000096f042b8}: 'void java.lang.invoke.DirectMethodHandle$Holder.invokeStatic(java.lang.Object, java.lang.Object, java.lang.Object, java.lang.Object)'> (0x0000000096f042b8) 
thrown [./open/src/hotspot/share/interpreter/linkResolver.cpp, line 782]
Event: 0.917 Thread 0x000001e67b26a3f0 Exception <a 'java/lang/NoSuchMethodError'{0x0000000096a3c910}: 'java.lang.Object java.lang.invoke.DirectMethodHandle$Holder.invokeStaticInit(java.lang.Object, java.lang.Object, java.lang.Object, java.lang.Object)'> (0x0000000096a3c910) 
thrown [./open/src/hotspot/share/interpreter/linkResolver.cpp, line 782]
Event: 0.918 Thread 0x000001e67b26a3f0 Exception <a 'java/lang/NullPointerException'{0x0000000096a488f0}> (0x0000000096a488f0) 
thrown [./open/src/hotspot/share/interpreter/linkResolver.cpp, line 1374]
Event: 0.936 Thread 0x000001e67b26a3f0 Exception <a 'java/lang/NoSuchMethodError'{0x0000000096a9ff50}: 'void java.lang.invoke.DirectMethodHandle$Holder.invokeSpecial(java.lang.Object, java.lang.Object, java.lang.Object, java.lang.Object, java.lang.Object)'> (0x0000000096a9ff50) 
thrown [./open/src/hotspot/share/interpreter/linkResolver.cpp, line 782]
Event: 1.183 Thread 0x000001e67b26a3f0 Implicit null exception at 0x000001e66be3449e to 0x000001e66be35514
Event: 1.196 Thread 0x000001e67b26a3f0 Implicit null exception at 0x000001e66be32631 to 0x000001e66be32ab4
Event: 1.197 Thread 0x000001e67b26a3f0 Implicit null exception at 0x000001e66be3130a to 0x000001e66be31710
Event: 1.370 Thread 0x000001e67b26a3f0 Exception <a 'java/lang/ClassNotFoundException'{0x0000000097197960}: com/sun/javafx/scene/control/skin/resources/controls> (0x0000000097197960) 
thrown [./open/src/hotspot/share/prims/jni.cpp, line 599]
Event: 1.371 Thread 0x000001e67b26a3f0 Exception <a 'java/lang/ClassNotFoundException'{0x00000000971a5458}: com/sun/javafx/scene/control/skin/resources/controls_fr> (0x00000000971a5458) 
thrown [./open/src/hotspot/share/prims/jni.cpp, line 599]
Event: 1.373 Thread 0x000001e67b26a3f0 Exception <a 'java/lang/ClassNotFoundException'{0x00000000971b2ce0}: com/sun/javafx/scene/control/skin/resources/controls_fr_FR> (0x00000000971b2ce0) 
thrown [./open/src/hotspot/share/prims/jni.cpp, line 599]
Event: 1.429 Thread 0x000001e67b26a3f0 Exception <a 'java/lang/NoSuchMethodError'{0x0000000096ff6820}: 'void java.lang.invoke.DirectMethodHandle$Holder.invokeSpecial(java.lang.Object, java.lang.Object, java.lang.Object, java.lang.Object, java.lang.Object, java.lang.Object)'> (0x0000000096ff6820) 
thrown [./open/src/hotspot/share/interpreter/linkResolver.cpp, line 782]

Events (20 events):
Event: 1.222 loading class sun/nio/cs/UTF_8$Decoder done
Event: 1.222 loading class sun/nio/cs/StreamDecoder
Event: 1.222 loading class sun/nio/cs/StreamDecoder done
Event: 1.222 loading class java/util/ResourceBundle$BundleReference
Event: 1.222 loading class java/util/ResourceBundle$BundleReference done
Event: 1.272 loading class java/util/Vector
Event: 1.272 loading class java/util/Vector done
Event: 1.291 loading class jdk/jfr/FlightRecorder
Event: 1.291 loading class jdk/jfr/FlightRecorder done
Event: 1.446 loading class sun/nio/cs/UTF_16BE$Decoder
Event: 1.446 loading class sun/nio/cs/UnicodeDecoder
Event: 1.446 loading class sun/nio/cs/UnicodeDecoder done
Event: 1.446 loading class sun/nio/cs/UTF_16BE$Decoder done
Event: 1.452 Thread 0x000001e67b5b0450 Thread added: 0x000001e67b5b0450
Event: 1.468 loading class java/util/ConcurrentModificationException
Event: 1.468 loading class java/util/ConcurrentModificationException done
Event: 1.480 Executing VM operation: CollectForMetadataAllocation
Event: 1.480 Executing VM operation: CollectForMetadataAllocation done
Event: 1.480 Executing VM operation: HandshakeAllThreads
Event: 1.480 Executing VM operation: HandshakeAllThreads done


Dynamic libraries:
0x00007ff623bd0000 - 0x00007ff623bdf000 	C:\Program Files\Java\jdk-15.0.1\bin\java.exe
0x00007ff8dd580000 - 0x00007ff8dd770000 	C:\Windows\SYSTEM32\ntdll.dll
0x00007ff8c17a0000 - 0x00007ff8c17b2000 	C:\Program Files\Avast Software\Avast\aswhook.dll
0x00007ff8dca90000 - 0x00007ff8dcb42000 	C:\Windows\System32\KERNEL32.DLL
0x00007ff8da4f0000 - 0x00007ff8da795000 	C:\Windows\System32\KERNELBASE.dll
0x00007ff8db2d0000 - 0x00007ff8db3ca000 	C:\Windows\System32\ucrtbase.dll
0x00007ff8bb340000 - 0x00007ff8bb358000 	C:\Program Files\Java\jdk-15.0.1\bin\jli.dll
0x00007ff8d4050000 - 0x00007ff8d4069000 	C:\Program Files\Java\jdk-15.0.1\bin\VCRUNTIME140.dll
0x00007ff8dc9e0000 - 0x00007ff8dca83000 	C:\Windows\System32\ADVAPI32.dll
0x00007ff8dbba0000 - 0x00007ff8dbc3e000 	C:\Windows\System32\msvcrt.dll
0x00007ff8dc870000 - 0x00007ff8dc907000 	C:\Windows\System32\sechost.dll
0x00007ff8dba80000 - 0x00007ff8dbb9f000 	C:\Windows\System32\RPCRT4.dll
0x00007ff8db630000 - 0x00007ff8db7c4000 	C:\Windows\System32\USER32.dll
0x00007ff8db4b0000 - 0x00007ff8db4d1000 	C:\Windows\System32\win32u.dll
0x00007ff8ccbd0000 - 0x00007ff8cce54000 	C:\Windows\WinSxS\amd64_microsoft.windows.common-controls_6595b64144ccf1df_6.0.18362.1440_none_9e7dbfb9e45e8e67\COMCTL32.dll
0x00007ff8dce90000 - 0x00007ff8dceb6000 	C:\Windows\System32\GDI32.dll
0x00007ff8dcb50000 - 0x00007ff8dce86000 	C:\Windows\System32\combase.dll
0x00007ff8db100000 - 0x00007ff8db298000 	C:\Windows\System32\gdi32full.dll
0x00007ff8db420000 - 0x00007ff8db4a1000 	C:\Windows\System32\bcryptPrimitives.dll
0x00007ff8db4e0000 - 0x00007ff8db57e000 	C:\Windows\System32\msvcp_win.dll
0x00007ff8d3260000 - 0x00007ff8d326a000 	C:\Windows\SYSTEM32\VERSION.dll
0x00007ff8dba30000 - 0x00007ff8dba5e000 	C:\Windows\System32\IMM32.DLL
0x00007ff8d28b0000 - 0x00007ff8d28bc000 	C:\Program Files\Java\jdk-15.0.1\bin\vcruntime140_1.dll
0x00007ff8c95a0000 - 0x00007ff8c9631000 	C:\Program Files\Java\jdk-15.0.1\bin\msvcp140.dll
0x00007ff8884e0000 - 0x00007ff88903e000 	C:\Program Files\Java\jdk-15.0.1\bin\server\jvm.dll
0x00007ff8dba70000 - 0x00007ff8dba78000 	C:\Windows\System32\PSAPI.DLL
0x00007ff8c9940000 - 0x00007ff8c9964000 	C:\Windows\SYSTEM32\WINMM.dll
0x00007ff8d0390000 - 0x00007ff8d0399000 	C:\Windows\SYSTEM32\WSOCK32.dll
0x00007ff8dbd90000 - 0x00007ff8dbdff000 	C:\Windows\System32\WS2_32.dll
0x00007ff8c9910000 - 0x00007ff8c993d000 	C:\Windows\SYSTEM32\WINMMBASE.dll
0x00007ff8db3d0000 - 0x00007ff8db41a000 	C:\Windows\System32\cfgmgr32.dll
0x00007ff8da440000 - 0x00007ff8da451000 	C:\Windows\System32\kernel.appcore.dll
0x00007ff8d27f0000 - 0x00007ff8d27fa000 	C:\Program Files\Java\jdk-15.0.1\bin\jimage.dll
0x00007ff8d8ac0000 - 0x00007ff8d8cb4000 	C:\Windows\SYSTEM32\DBGHELP.DLL
0x00007ff8d2900000 - 0x00007ff8d292a000 	C:\Windows\SYSTEM32\dbgcore.DLL
0x00007ff8d2800000 - 0x00007ff8d2825000 	C:\Program Files\Java\jdk-15.0.1\bin\java.dll
0x00007ff8dbe00000 - 0x00007ff8dc4e8000 	C:\Windows\System32\SHELL32.dll
0x00007ff8db980000 - 0x00007ff8dba27000 	C:\Windows\System32\shcore.dll
0x00007ff8da800000 - 0x00007ff8daf7b000 	C:\Windows\System32\windows.storage.dll
0x00007ff8da4d0000 - 0x00007ff8da4ee000 	C:\Windows\System32\profapi.dll
0x00007ff8da480000 - 0x00007ff8da4ca000 	C:\Windows\System32\powrprof.dll
0x00007ff8da430000 - 0x00007ff8da440000 	C:\Windows\System32\UMPDC.dll
0x00007ff8dc910000 - 0x00007ff8dc962000 	C:\Windows\System32\shlwapi.dll
0x00007ff8db0e0000 - 0x00007ff8db0f7000 	C:\Windows\System32\cryptsp.dll
0x00007ff8d27a0000 - 0x00007ff8d27b9000 	C:\Program Files\Java\jdk-15.0.1\bin\net.dll
0x00007ff8d1320000 - 0x00007ff8d141a000 	C:\Windows\SYSTEM32\WINHTTP.dll
0x00007ff8d9c10000 - 0x00007ff8d9c77000 	C:\Windows\system32\mswsock.dll
0x00007ff8d2630000 - 0x00007ff8d2642000 	C:\Program Files\Java\jdk-15.0.1\bin\nio.dll
0x00007ff8d23d0000 - 0x00007ff8d23e8000 	C:\Program Files\Java\jdk-15.0.1\bin\zip.dll
0x000001e65a0e0000 - 0x000001e65a0e3000 	C:\Users\lasch\.openjfx\cache\15.0.1\api-ms-win-core-console-l1-1-0.dll
0x000001e65a0f0000 - 0x000001e65a0f3000 	C:\Users\lasch\.openjfx\cache\15.0.1\api-ms-win-core-console-l1-2-0.dll
0x000001e65bfe0000 - 0x000001e65bfe3000 	C:\Users\lasch\.openjfx\cache\15.0.1\api-ms-win-core-datetime-l1-1-0.dll
0x000001e65bff0000 - 0x000001e65bff3000 	C:\Users\lasch\.openjfx\cache\15.0.1\api-ms-win-core-debug-l1-1-0.dll
0x000001e65c000000 - 0x000001e65c003000 	C:\Users\lasch\.openjfx\cache\15.0.1\api-ms-win-core-errorhandling-l1-1-0.dll
0x000001e65c010000 - 0x000001e65c014000 	C:\Users\lasch\.openjfx\cache\15.0.1\api-ms-win-core-file-l1-1-0.dll
0x000001e65c020000 - 0x000001e65c023000 	C:\Users\lasch\.openjfx\cache\15.0.1\api-ms-win-core-file-l1-2-0.dll
0x000001e65c030000 - 0x000001e65c033000 	C:\Users\lasch\.openjfx\cache\15.0.1\api-ms-win-core-file-l2-1-0.dll
0x000001e65c040000 - 0x000001e65c043000 	C:\Users\lasch\.openjfx\cache\15.0.1\api-ms-win-core-handle-l1-1-0.dll
0x000001e65c050000 - 0x000001e65c053000 	C:\Users\lasch\.openjfx\cache\15.0.1\api-ms-win-core-heap-l1-1-0.dll
0x000001e65c060000 - 0x000001e65c063000 	C:\Users\lasch\.openjfx\cache\15.0.1\api-ms-win-core-interlocked-l1-1-0.dll
0x000001e65c070000 - 0x000001e65c073000 	C:\Users\lasch\.openjfx\cache\15.0.1\api-ms-win-core-libraryloader-l1-1-0.dll
0x000001e65c080000 - 0x000001e65c083000 	C:\Users\lasch\.openjfx\cache\15.0.1\api-ms-win-core-localization-l1-2-0.dll
0x000001e65c090000 - 0x000001e65c093000 	C:\Users\lasch\.openjfx\cache\15.0.1\api-ms-win-core-memory-l1-1-0.dll
0x000001e65c0a0000 - 0x000001e65c0a3000 	C:\Users\lasch\.openjfx\cache\15.0.1\api-ms-win-core-namedpipe-l1-1-0.dll
0x000001e67b800000 - 0x000001e67b803000 	C:\Users\lasch\.openjfx\cache\15.0.1\api-ms-win-core-processenvironment-l1-1-0.dll
0x000001e67b810000 - 0x000001e67b813000 	C:\Users\lasch\.openjfx\cache\15.0.1\api-ms-win-core-processthreads-l1-1-0.dll
0x000001e67b820000 - 0x000001e67b823000 	C:\Users\lasch\.openjfx\cache\15.0.1\api-ms-win-core-processthreads-l1-1-1.dll
0x000001e67b830000 - 0x000001e67b833000 	C:\Users\lasch\.openjfx\cache\15.0.1\api-ms-win-core-profile-l1-1-0.dll
0x000001e67b840000 - 0x000001e67b843000 	C:\Users\lasch\.openjfx\cache\15.0.1\api-ms-win-core-rtlsupport-l1-1-0.dll
0x000001e67b850000 - 0x000001e67b853000 	C:\Users\lasch\.openjfx\cache\15.0.1\api-ms-win-core-string-l1-1-0.dll
0x000001e67b860000 - 0x000001e67b863000 	C:\Users\lasch\.openjfx\cache\15.0.1\api-ms-win-core-synch-l1-1-0.dll
0x000001e67b870000 - 0x000001e67b873000 	C:\Users\lasch\.openjfx\cache\15.0.1\api-ms-win-core-synch-l1-2-0.dll
0x000001e67b880000 - 0x000001e67b883000 	C:\Users\lasch\.openjfx\cache\15.0.1\api-ms-win-core-sysinfo-l1-1-0.dll
0x000001e67b890000 - 0x000001e67b893000 	C:\Users\lasch\.openjfx\cache\15.0.1\api-ms-win-core-timezone-l1-1-0.dll
0x000001e67b8a0000 - 0x000001e67b8a3000 	C:\Users\lasch\.openjfx\cache\15.0.1\api-ms-win-core-util-l1-1-0.dll
0x000001e67b8b0000 - 0x000001e67b8b3000 	C:\Users\lasch\.openjfx\cache\15.0.1\api-ms-win-crt-conio-l1-1-0.dll
0x000001e67b8c0000 - 0x000001e67b8c4000 	C:\Users\lasch\.openjfx\cache\15.0.1\api-ms-win-crt-convert-l1-1-0.dll
0x000001e67b8d0000 - 0x000001e67b8d3000 	C:\Users\lasch\.openjfx\cache\15.0.1\api-ms-win-crt-environment-l1-1-0.dll
0x000001e67b8e0000 - 0x000001e67b8e3000 	C:\Users\lasch\.openjfx\cache\15.0.1\api-ms-win-crt-filesystem-l1-1-0.dll
0x000001e67b8f0000 - 0x000001e67b8f3000 	C:\Users\lasch\.openjfx\cache\15.0.1\api-ms-win-crt-heap-l1-1-0.dll
0x000001e67b900000 - 0x000001e67b903000 	C:\Users\lasch\.openjfx\cache\15.0.1\api-ms-win-crt-locale-l1-1-0.dll
0x000001e67b910000 - 0x000001e67b915000 	C:\Users\lasch\.openjfx\cache\15.0.1\api-ms-win-crt-math-l1-1-0.dll
0x000001e67b920000 - 0x000001e67b925000 	C:\Users\lasch\.openjfx\cache\15.0.1\api-ms-win-crt-multibyte-l1-1-0.dll
0x000001e67b930000 - 0x000001e67b940000 	C:\Users\lasch\.openjfx\cache\15.0.1\api-ms-win-crt-private-l1-1-0.dll
0x000001e67b940000 - 0x000001e67b943000 	C:\Users\lasch\.openjfx\cache\15.0.1\api-ms-win-crt-process-l1-1-0.dll
0x000001e67b950000 - 0x000001e67b954000 	C:\Users\lasch\.openjfx\cache\15.0.1\api-ms-win-crt-runtime-l1-1-0.dll
0x000001e67b960000 - 0x000001e67b964000 	C:\Users\lasch\.openjfx\cache\15.0.1\api-ms-win-crt-stdio-l1-1-0.dll
0x000001e67b970000 - 0x000001e67b974000 	C:\Users\lasch\.openjfx\cache\15.0.1\api-ms-win-crt-string-l1-1-0.dll
0x000001e67b980000 - 0x000001e67b983000 	C:\Users\lasch\.openjfx\cache\15.0.1\api-ms-win-crt-time-l1-1-0.dll
0x000001e67b990000 - 0x000001e67b993000 	C:\Users\lasch\.openjfx\cache\15.0.1\api-ms-win-crt-utility-l1-1-0.dll
0x00007ff8a1ee0000 - 0x00007ff8a1fdc000 	C:\Users\lasch\.openjfx\cache\15.0.1\ucrtbase.dll
0x00007ff8d5aa0000 - 0x00007ff8d5ab5000 	C:\Users\lasch\.openjfx\cache\15.0.1\vcruntime140.dll
0x00007ff8b4a00000 - 0x00007ff8b4a9b000 	C:\Users\lasch\.openjfx\cache\15.0.1\msvcp140.dll
0x00007ff8cc280000 - 0x00007ff8cc2a3000 	C:\Users\lasch\.openjfx\cache\15.0.1\prism_d3d.dll
0x00007ff89d700000 - 0x00007ff89d8c7000 	C:\Windows\system32\d3d9.dll
0x00007ff8d8590000 - 0x00007ff8d85bd000 	C:\Windows\SYSTEM32\dwmapi.dll
0x00007ff8d9070000 - 0x00007ff8d9090000 	C:\Windows\SYSTEM32\dxcore.dll
0x00007ff8d8170000 - 0x00007ff8d8209000 	C:\Windows\system32\uxtheme.dll
0x00007ff8c6830000 - 0x00007ff8c6a0d000 	C:\Windows\System32\DriverStore\FileRepository\u0347924.inf_amd64_04af308e61660124\B347730\aticfx64.dll
0x00007ff8b73e0000 - 0x00007ff8b7410000 	C:\Windows\System32\DriverStore\FileRepository\u0347924.inf_amd64_04af308e61660124\B347730\atiu9p64.dll
0x00007ff884000000 - 0x00007ff884ccb000 	C:\Windows\System32\DriverStore\FileRepository\u0347924.inf_amd64_04af308e61660124\B347730\atiumd64.dll
0x00007ff8dc6f0000 - 0x00007ff8dc847000 	C:\Windows\System32\ole32.dll
0x00000000530c0000 - 0x0000000053e43000 	C:\Windows\System32\DriverStore\FileRepository\u0347924.inf_amd64_04af308e61660124\B347730\atiumd6a.dll
0x00007ff8b6370000 - 0x00007ff8b63b5000 	C:\Users\lasch\.openjfx\cache\15.0.1\glass.dll
0x00007ff8dd330000 - 0x00007ff8dd400000 	C:\Windows\System32\COMDLG32.dll
0x00007ff8dbcc0000 - 0x00007ff8dbd85000 	C:\Windows\System32\OLEAUT32.dll
0x00007ff8dd400000 - 0x00007ff8dd535000 	C:\Windows\System32\MSCTF.dll
0x00007ff8d0ad0000 - 0x00007ff8d0ae4000 	C:\Users\lasch\.openjfx\cache\15.0.1\javafx_font.dll
0x00007ff8c35a0000 - 0x00007ff8c389e000 	C:\Windows\SYSTEM32\dwrite.dll
0x00007ff8dc550000 - 0x00007ff8dc5f2000 	C:\Windows\System32\clbcatq.dll
0x00007ff8c8950000 - 0x00007ff8c8aff000 	C:\Windows\SYSTEM32\WindowsCodecs.dll
0x00007ff8ac7f0000 - 0x00007ff8ac82b000 	C:\Windows\system32\dataexchange.dll
0x00007ff8d7170000 - 0x00007ff8d73cb000 	C:\Windows\system32\d3d11.dll
0x00007ff8d7830000 - 0x00007ff8d7a0d000 	C:\Windows\system32\dcomp.dll
0x00007ff8d9100000 - 0x00007ff8d91eb000 	C:\Windows\system32\dxgi.dll
0x00007ff8d8240000 - 0x00007ff8d849a000 	C:\Windows\system32\twinapi.appcore.dll
0x00007ff8d8670000 - 0x00007ff8d8699000 	C:\Windows\system32\RMCLIENT.dll
0x00007ff8b4520000 - 0x00007ff8b4553000 	C:\Program Files\Common Files\Microsoft Shared\Ink\rtscom.dll
0x00007ff8c8c20000 - 0x00007ff8c8cbd000 	C:\Windows\System32\TextInputFramework.dll
0x00007ff8c8e10000 - 0x00007ff8c913a000 	C:\Windows\System32\CoreUIComponents.dll
0x00007ff8d7a10000 - 0x00007ff8d7ae4000 	C:\Windows\System32\CoreMessaging.dll
0x00007ff8d5fa0000 - 0x00007ff8d60f2000 	C:\Windows\SYSTEM32\wintypes.dll
0x00007ff8d9470000 - 0x00007ff8d94a1000 	C:\Windows\SYSTEM32\ntmarta.dll
0x00007ff8cf160000 - 0x00007ff8cf407000 	C:\Windows\System32\iertutil.dll

dbghelp: loaded successfully - version: 4.0.5 - missing functions: none
symbol engine: initialized successfully - sym options: 0x614 - pdb path: .;C:\Program Files\Java\jdk-15.0.1\bin;C:\Windows\SYSTEM32;C:\Program Files\Avast Software\Avast;C:\Windows\WinSxS\amd64_microsoft.windows.common-controls_6595b64144ccf1df_6.0.18362.1440_none_9e7dbfb9e45e8e67;C:\Program Files\Java\jdk-15.0.1\bin\server;C:\Users\lasch\.openjfx\cache\15.0.1;C:\Windows\System32\DriverStore\FileRepository\u0347924.inf_amd64_04af308e61660124\B347730;C:\Program Files\Common Files\Microsoft Shared\Ink

VM Arguments:
jvm_args: --module-path=C:\Users\lasch\.m2\repository\org\openjfx\javafx-base\15.0.1\javafx-base-15.0.1-win.jar;C:\Users\lasch\.m2\repository\org\openjfx\javafx-base\15.0.1\javafx-base-15.0.1.jar;C:\Users\lasch\.m2\repository\org\openjfx\javafx-controls\15.0.1\javafx-controls-15.0.1-win.jar;C:\Users\lasch\.m2\repository\org\openjfx\javafx-controls\15.0.1\javafx-controls-15.0.1.jar;C:\Users\lasch\.m2\repository\org\openjfx\javafx-graphics\15.0.1\javafx-graphics-15.0.1-win.jar;C:\Users\lasch\.m2\repository\org\openjfx\javafx-graphics\15.0.1\javafx-graphics-15.0.1.jar --add-modules=javafx.base,javafx.controls,javafx.graphics 
java_command: fr.insa.cours.projetv2.gui.main
java_class_path (initial): C:\code\projet_s2\projet_s2\projet_s2\Projet_treilli\Projetv2\mavenproject1\target\classes
Launcher Type: SUN_STANDARD

[Global flags]
     intx CICompilerCount                          = 4                                         {product} {ergonomic}
     uint ConcGCThreads                            = 2                                         {product} {ergonomic}
     uint G1ConcRefinementThreads                  = 8                                         {product} {ergonomic}
   size_t G1HeapRegionSize                         = 1048576                                   {product} {ergonomic}
    uintx GCDrainStackTargetSize                   = 64                                        {product} {ergonomic}
   size_t InitialHeapSize                          = 117440512                                 {product} {ergonomic}
   size_t MarkStackSize                            = 4194304                                   {product} {ergonomic}
   size_t MaxHeapSize                              = 1862270976                                {product} {ergonomic}
   size_t MaxNewSize                               = 1116733440                                {product} {ergonomic}
   size_t MinHeapDeltaBytes                        = 1048576                                   {product} {ergonomic}
   size_t MinHeapSize                              = 8388608                                   {product} {ergonomic}
    uintx NonNMethodCodeHeapSize                   = 5839372                                {pd product} {ergonomic}
    uintx NonProfiledCodeHeapSize                  = 122909434                              {pd product} {ergonomic}
    uintx ProfiledCodeHeapSize                     = 122909434                              {pd product} {ergonomic}
    uintx ReservedCodeCacheSize                    = 251658240                              {pd product} {ergonomic}
     bool SegmentedCodeCache                       = true                                      {product} {ergonomic}
   size_t SoftMaxHeapSize                          = 1862270976                             {manageable} {ergonomic}
     bool UseCompressedClassPointers               = true                                 {lp64_product} {ergonomic}
     bool UseCompressedOops                        = true                                 {lp64_product} {ergonomic}
     bool UseG1GC                                  = true                                      {product} {ergonomic}
     bool UseLargePagesIndividualAllocation        = false                                  {pd product} {ergonomic}

Logging:
Log output configuration:
 #0: stdout all=warning uptime,level,tags
 #1: stderr all=off uptime,level,tags

Environment Variables:
JAVA_HOME=C:\Program Files\Java\jdk-15.0.1
PATH=C:\PROGRA~1\PTC\UTILIT~1\MKSTOO~1\bin64;C:\PROGRA~1\PTC\UTILIT~1\MKSTOO~1\bin;C:\PROGRA~1\PTC\UTILIT~1\MKSTOO~1\bin\X11;C:\PROGRA~1\PTC\UTILIT~1\MKSTOO~1\mksnt;C:\Program Files\Common Files\Oracle\Java\javapath;C:\Program Files\Common Files\Oracle\Java\javapath\C:\Program Files\Java\C:\Program Files\Java\jdk-15.0.1\bin;C:\Windows\system32;C:\Windows;C:\Windows\System32\Wbem;C:\Windows\System32\WindowsPowerShell\v1.0\;C:\Windows\System32\OpenSSH\;C:\Users\lasch\AppData\Local\Microsoft\WindowsApps;
USERNAME=lasch
DISPLAY=:0.0
OS=Windows_NT
PROCESSOR_IDENTIFIER=AMD64 Family 23 Model 24 Stepping 1, AuthenticAMD



---------------  S Y S T E M  ---------------

OS:
 Windows 10 , 64 bit Build 18362 (10.0.18362.1350)
OS uptime: 61 days 6:34 hours

CPU: total 8 (initial active 8) (8 cores per cpu, 2 threads per core) family 23 model 24 stepping 1 microcode 0x0, cmov, cx8, fxsr, mmx, sse, sse2, sse3, ssse3, sse4.1, sse4.2, popcnt, vzeroupper, avx, avx2, aes, clmul, 3dnowpref, lzcnt, sse4a, ht, tsc, tscinvbit, tscinv, bmi1, bmi2, adx, sha, fma, clflush, clflushopt

Memory: 4k page, system-wide physical 7103M (305M free)
TotalPageFile size 28607M (AvailPageFile size 0M)
current process WorkingSet (physical memory assigned to process): 94M, peak: 94M
current process commit charge ("private bytes"): 228M, peak: 228M

vm_info: Java HotSpot(TM) 64-Bit Server VM (15.0.1+9-18) for windows-amd64 JRE (15.0.1+9-18), built on Sep 15 2020 14:43:54 by "mach5one" with unknown MS VC++:1925

END.
